#
# A fatal error has been detected by the Java Runtime Environment:
#
#  SIGSEGV (0xb) at pc=0x00007f04bb2b7a6d, pid=17043, tid=17072
#
# JRE version: OpenJDK Runtime Environment (11.0.8+10) (build 11.0.8+10-post-Ubuntu-0ubuntu120.04)
# Java VM: OpenJDK 64-Bit Server VM (11.0.8+10-post-Ubuntu-0ubuntu120.04, mixed mode, sharing, tiered, compressed oops, g1 gc, linux-amd64)
# Problematic frame:
# V  [libjvm.so+0x74ea6d]
#
# Core dump will be written. Default location: Core dumps may be processed with "/lib/systemd/systemd-coredump %P %u %g %s %t 9223372036854775808 %h" (or dumping to /home/ivan/PROJECTS/AGPI-SecurityManagementStudio/core.17043)
#
# If you would like to submit a bug report, please visit:
#   https://bugs.launchpad.net/ubuntu/+source/openjdk-lts
#

---------------  S U M M A R Y ------------

Command Line: -agentlib:jdwp=transport=dt_socket,suspend=n,server=y,address=localhost:8000 -Dcatalina.base=/home/ivan/.config/Code/User/workspaceStorage/d3121d91e597d30b98014df76c04a62d/adashen.vscode-tomcat/tomcat/apache-tomcat-9.0.38 -Dcatalina.home=/home/ivan/apache-tomcat-9.0.38 -Dfile.encoding=UTF8 -Djava.io.tmpdir=/home/ivan/.config/Code/User/workspaceStorage/d3121d91e597d30b98014df76c04a62d/adashen.vscode-tomcat/tomcat/apache-tomcat-9.0.38/temp org.apache.catalina.startup.Bootstrap start

Host: Intel(R) Celeron(R) CPU 847 @ 1.10GHz, 2 cores, 5G, Linux Mint 20 Ulyana
Time: Mon Nov  2 20:18:44 2020 EET elapsed time: 20 seconds (0d 0h 0m 20s)

---------------  T H R E A D  ---------------

Current thread (0x00007f0484001000):  GCTaskThread "GC Thread#1" [stack: 0x00007f0476ea2000,0x00007f0476fa2000] [id=17072]

Stack: [0x00007f0476ea2000,0x00007f0476fa2000],  sp=0x00007f0476fa0980,  free space=1018k
Native frames: (J=compiled Java code, A=aot compiled Java code, j=interpreted, Vv=VM code, C=native code)
V  [libjvm.so+0x74ea6d]
V  [libjvm.so+0x74c443]
V  [libjvm.so+0x75ef5d]
V  [libjvm.so+0x6c089f]
V  [libjvm.so+0x7043d2]
V  [libjvm.so+0x75a55f]
V  [libjvm.so+0x75a6d0]
V  [libjvm.so+0x714602]
V  [libjvm.so+0xdba84d]
V  [libjvm.so+0xd1f430]
V  [libjvm.so+0xb8f706]


siginfo: si_signo: 11 (SIGSEGV), si_code: 1 (SEGV_MAPERR), si_addr: 0x0000000000000328

Register to memory mapping:

RAX=0x0000000000000218 is an unknown value
RBX=0x0 is NULL
RCX=0x0000000000000003 is an unknown value
RDX=0x00007f04bb07df00: <offset 0x0000000000514f00> in /usr/lib/jvm/java-11-openjdk-amd64/lib/server/libjvm.so at 0x00007f04bab69000
RSP=0x00007f0476fa0980 points into unknown readable memory: a0 09 fa 76 04 7f 00 00
RBP=0x00007f0476fa0a00 points into unknown readable memory: 90 0a fa 76 04 7f 00 00
RSI=0x0000000000000001 is an unknown value
RDI=0x00000008002ddef8 is pointing into metadata
R8 =0x00000008002ddf38 is pointing into metadata
R9 =0x0000000000000001 is an unknown value
R10=0x000000000000001d is an unknown value
R11=0x0000000000000001 is an unknown value
R12=
[error occurred during error reporting (printing register info), id 0xb, SIGSEGV (0xb) at pc=0x00007f04bb17eeaa]

Registers:
RAX=0x0000000000000218, RBX=0x0000000000000000, RCX=0x0000000000000003, RDX=0x00007f04bb07df00
RSP=0x00007f0476fa0980, RBP=0x00007f0476fa0a00, RSI=0x0000000000000001, RDI=0x00000008002ddef8
R8 =0x00000008002ddf38, R9 =0x0000000000000001, R10=0x000000000000001d, R11=0x0000000000000001
R12=0x00000000abe53e10, R13=0x00007f046c283f00, R14=0x0000000000000000, R15=0x0000000000000001
RIP=0x00007f04bb2b7a6d, EFLAGS=0x0000000000010246, CSGSFS=0x002b000000000033, ERR=0x0000000000000004
  TRAPNO=0x000000000000000e

Top of Stack: (sp=0x00007f0476fa0980)
0x00007f0476fa0980:   00007f0476fa09a0 00007fff11322918
0x00007f0476fa0990:   00007f0476fa09d0 00007f04bbca8de0
0x00007f0476fa09a0:   0000000000000019 00007f04bbe15201
0x00007f0476fa09b0:   00007f0400000003 00000000acc1e6e0 

Instructions: (pc=0x00007f04bb2b7a6d)
0x00007f04bb2b796d:   b0 02 00 00 48 d3 ea 48 8b 04 d0 49 89 85 90 01
0x00007f04bb2b797d:   00 00 41 8b 51 08 89 f9 48 d3 e2 4c 01 c2 48 63
0x00007f04bb2b798d:   4a 0c 4c 89 4d b8 4c 89 ce 4c 89 f7 48 8d 05 40
0x00007f04bb2b799d:   20 9f 00 ff 14 c8 4c 8b 4d b8 48 83 c4 58 5b 41
0x00007f04bb2b79ad:   5c 4c 89 c8 41 5d 41 5e 41 5f 5d c3 0f 1f 80 00
0x00007f04bb2b79bd:   00 00 00 0f 84 9a 00 00 00 3c 01 48 8d 05 fd b9
0x00007f04bb2b79cd:   9a 00 48 19 c9 8b 10 83 e1 04 89 d8 4d 63 74 0c
0x00007f04bb2b79dd:   0c c1 f8 10 89 d9 8d 72 ff 0f b6 c0 f7 da 48 63
0x00007f04bb2b79ed:   f6 49 d3 e6 48 01 f0 49 01 c6 48 63 c2 49 21 c6
0x00007f04bb2b79fd:   49 c1 ee 03 44 89 f3 4d 63 f6 e9 24 fd ff ff 0f
0x00007f04bb2b7a0d:   1f 40 00 48 8b 7a 08 e9 fd fc ff ff 0f 1f 80 00
0x00007f04bb2b7a1d:   00 00 00 41 f6 c2 01 75 62 4c 89 d0 48 83 e0 fd
0x00007f04bb2b7a2d:   4c 8b 00 49 c1 e8 03 44 89 c0 83 e0 0f 89 45 b8
0x00007f04bb2b7a3d:   41 3b 85 6c 01 00 00 0f 83 1b fd ff ff 41 bb 01
0x00007f04bb2b7a4d:   00 00 00 31 c9 b8 01 00 00 00 e9 35 fd ff ff 0f
0x00007f04bb2b7a5d:   1f 40 00 48 8b 07 48 8d 15 96 64 dc ff 45 31 f6
0x00007f04bb2b7a6d:   48 8b 80 10 01 00 00 48 39 d0 0f 84 b3 fc ff ff
0x00007f04bb2b7a7d:   e9 08 fe ff ff 66 0f 1f 44 00 00 4d 89 d0 49 c1
0x00007f04bb2b7a8d:   e8 03 44 89 c0 83 e0 0f 89 45 b8 eb a3 44 0f b6
0x00007f04bb2b7a9d:   45 ce 41 80 fb 01 0f 84 23 03 00 00 45 88 85 c8
0x00007f04bb2b7aad:   01 00 00 4c 89 e6 4c 89 ef 4c 89 d2 e8 92 fa ff
0x00007f04bb2b7abd:   ff 48 83 c4 58 5b 41 5c 41 5d 41 5e 41 5f 5d c3
0x00007f04bb2b7acd:   0f 1f 00 48 8d 35 e1 c4 9a 00 41 0f b7 c8 48 3b
0x00007f04bb2b7add:   0e 0f 8e 8c 00 00 00 45 0f b7 c0 41 8d 48 ff 44
0x00007f04bb2b7aed:   89 c6 f7 de 48 63 c9 4c 01 c9 48 63 f6 48 21 f1
0x00007f04bb2b7afd:   48 89 ce 48 89 4d a0 4c 29 ce 48 c1 ee 03 48 89
0x00007f04bb2b7b0d:   75 a8 74 5f 48 8d 0d b8 b8 9a 00 8b 31 8d 4e 01
0x00007f04bb2b7b1d:   f7 de 21 ce 48 63 ce 48 39 4d a8 0f 82 ce 03 00
0x00007f04bb2b7b2d:   00 48 8b 4d a0 48 39 d1 48 89 45 98 48 89 4d a0
0x00007f04bb2b7b3d:   0f 83 54 02 00 00 48 8b 75 a8 4c 89 cf ba 01 00
0x00007f04bb2b7b4d:   00 00 4c 89 55 88 44 88 5d 97 e8 f4 2c e6 ff 48
0x00007f04bb2b7b5d:   8b 4d a0 48 8b 45 98 4c 8b 55 88 44 0f b6 5d 97 


Stack slot to memory mapping:
stack at sp + 0 slots: 0x00007f0476fa09a0 points into unknown readable memory: 19 00 00 00 00 00 00 00
stack at sp + 1 slots: 0x00007fff11322918: clock_gettime+0x0000000000000038 in linux-vdso.so.1 at 0x00007fff11322000
stack at sp + 2 slots: 0x00007f0476fa09d0 points into unknown readable memory: 58 30 00 00 00 00 00 00
stack at sp + 3 slots: 0x00007f04bbca8de0: <offset 0x000000000113fde0> in /usr/lib/jvm/java-11-openjdk-amd64/lib/server/libjvm.so at 0x00007f04bab69000
stack at sp + 4 slots: 0x0000000000000019 is an unknown value
stack at sp + 5 slots: 0x00007f04bbe15201: clock_getres+0x0000000000000071 in /lib/x86_64-linux-gnu/libc.so.6 at 0x00007f04bbd35000
stack at sp + 6 slots: 0x00007f0400000003 is an unknown value
stack at sp + 7 slots: 0x00000000acc1e6e0 points into unknown readable memory: 25 00 00 00 00 00 00 00


---------------  P R O C E S S  ---------------

Threads class SMR info:
_java_thread_list=0x00007f04b4587810, length=13, elements={
0x00007f04b4017800, 0x00007f04b40da800, 0x00007f04b40dc800, 0x00007f04b40e3800,
0x00007f04b40e5800, 0x00007f04b40e7800, 0x00007f04b40e9800, 0x00007f04b4124800,
0x00007f04b4129000, 0x00007f04b412b000, 0x00007f04b4131800, 0x00007f0464002000,
0x00007f04b4591800
}

Java Threads: ( => current thread )
  0x00007f04b4017800 JavaThread "main" [_thread_blocked, id=17044, stack(0x00007f04ba71d000,0x00007f04ba81e000)]
  0x00007f04b40da800 JavaThread "Reference Handler" daemon [_thread_blocked, id=17051, stack(0x00007f049c2b4000,0x00007f049c3b5000)]
  0x00007f04b40dc800 JavaThread "Finalizer" daemon [_thread_blocked, id=17052, stack(0x00007f049c1b3000,0x00007f049c2b4000)]
  0x00007f04b40e3800 JavaThread "Signal Dispatcher" daemon [_thread_blocked, id=17053, stack(0x00007f049c0b2000,0x00007f049c1b3000)]
  0x00007f04b40e5800 JavaThread "C2 CompilerThread0" daemon [_thread_in_native, id=17054, stack(0x00007f04940ef000,0x00007f04941f0000)]
  0x00007f04b40e7800 JavaThread "C1 CompilerThread0" daemon [_thread_blocked, id=17055, stack(0x00007f04776aa000,0x00007f04777ab000)]
  0x00007f04b40e9800 JavaThread "Sweeper thread" daemon [_thread_blocked, id=17056, stack(0x00007f04775a9000,0x00007f04776aa000)]
  0x00007f04b4124800 JavaThread "JDWP Transport Listener: dt_socket" daemon [_thread_blocked, id=17057, stack(0x00007f04774a8000,0x00007f04775a9000)]
  0x00007f04b4129000 JavaThread "JDWP Event Helper Thread" daemon [_thread_blocked, id=17058, stack(0x00007f04773a7000,0x00007f04774a8000)]
  0x00007f04b412b000 JavaThread "Service Thread" daemon [_thread_blocked, id=17059, stack(0x00007f04772a6000,0x00007f04773a7000)]
  0x00007f04b4131800 JavaThread "Common-Cleaner" daemon [_thread_blocked, id=17061, stack(0x00007f04770a3000,0x00007f04771a4000)]
  0x00007f0464002000 JavaThread "JDWP Command Reader" daemon [_thread_in_native, id=17067, stack(0x00007f0476fa2000,0x00007f04770a3000)]
  0x00007f04b4591800 JavaThread "http-nio-8080-BlockPoller" daemon [_thread_in_native, id=17076, stack(0x00007f0476d9f000,0x00007f0476ea0000)]

Other Threads:
  0x00007f04b40d7800 VMThread "VM Thread" [stack: 0x00007f049c3b7000,0x00007f049c4b7000] [id=17050]
  0x00007f04b412d800 WatcherThread [stack: 0x00007f04771a6000,0x00007f04772a6000] [id=17060]
  0x00007f04b402f000 GCTaskThread "GC Thread#0" [stack: 0x00007f04ba390000,0x00007f04ba490000] [id=17045]
=>0x00007f0484001000 GCTaskThread "GC Thread#1" [stack: 0x00007f0476ea2000,0x00007f0476fa2000] [id=17072]
  0x00007f04b4053800 ConcurrentGCThread "G1 Main Marker" [stack: 0x00007f04b8207000,0x00007f04b8307000] [id=17046]
  0x00007f04b4055800 ConcurrentGCThread "G1 Conc#0" [stack: 0x00007f04b8105000,0x00007f04b8205000] [id=17047]
  0x00007f04b40a8000 ConcurrentGCThread "G1 Refine#0" [stack: 0x00007f049c701000,0x00007f049c801000] [id=17048]
  0x00007f04b40a9800 ConcurrentGCThread "G1 Young RemSet Sampling" [stack: 0x00007f049c5ff000,0x00007f049c6ff000] [id=17049]

Threads with active compile tasks:
C2 CompilerThread0  20432 4002       4       org.apache.catalina.loader.WebappClassLoaderBase::binaryNameToPath (52 bytes)
C1 CompilerThread0  20432 4047       3       org.postgresql.core.Tuple::get (7 bytes)

VM state:at safepoint (normal execution)

VM Mutex/Monitor currently owned by a thread:  ([mutex/lock_event])
[0x00007f04b4013f10] Threads_lock - owner thread: 0x00007f04b40d7800
[0x00007f04b40146f0] Heap_lock - owner thread: 0x00007f04b4017800

Heap address: 0x00000000a7c00000, size: 1412 MB, Compressed Oops mode: 32-bit
Narrow klass base: 0x0000000800000000, Narrow klass shift: 3
Compressed class space size: 1073741824 Address: 0x0000000840000000

Heap:
 garbage-first heap   total 183296K, used 113773K [0x00000000a7c00000, 0x0000000100000000)
  region size 1024K, 100 young (102400K), 7 survivors (7168K)
 Metaspace       used 34575K, capacity 35494K, committed 35840K, reserved 1081344K
  class space    used 4163K, capacity 4458K, committed 4480K, reserved 1048576K
Heap Regions: E=young(eden), S=young(survivor), O=old, HS=humongous(starts), HC=humongous(continues), CS=collection set, F=free, A=archive, TAMS=top-at-mark-start (previous, next)
|   0|0x00000000a7c00000, 0x00000000a7d00000, 0x00000000a7d00000|100%| O|  |TAMS 0x00000000a7d00000, 0x00000000a7d00000| Untracked 
|   1|0x00000000a7d00000, 0x00000000a7e00000, 0x00000000a7e00000|100%| O|  |TAMS 0x00000000a7e00000, 0x00000000a7e00000| Untracked 
|   2|0x00000000a7e00000, 0x00000000a7f00000, 0x00000000a7f00000|100%| O|  |TAMS 0x00000000a7f00000, 0x00000000a7f00000| Untracked 
|   3|0x00000000a7f00000, 0x00000000a8000000, 0x00000000a8000000|100%| O|  |TAMS 0x00000000a8000000, 0x00000000a8000000| Untracked 
|   4|0x00000000a8000000, 0x00000000a8100000, 0x00000000a8100000|100%| O|  |TAMS 0x00000000a8100000, 0x00000000a8100000| Untracked 
|   5|0x00000000a8100000, 0x00000000a8200000, 0x00000000a8200000|100%| O|  |TAMS 0x00000000a8200000, 0x00000000a8200000| Untracked 
|   6|0x00000000a8200000, 0x00000000a8300000, 0x00000000a8300000|100%|HS|  |TAMS 0x00000000a8300000, 0x00000000a8300000| Complete 
|   7|0x00000000a8300000, 0x00000000a8400000, 0x00000000a8400000|100%| O|  |TAMS 0x00000000a8400000, 0x00000000a8400000| Untracked 
|   8|0x00000000a8400000, 0x00000000a8500000, 0x00000000a8500000|100%| O|  |TAMS 0x00000000a8500000, 0x00000000a8500000| Untracked 
|   9|0x00000000a8500000, 0x00000000a8600000, 0x00000000a8600000|100%| O|  |TAMS 0x00000000a8600000, 0x00000000a8600000| Untracked 
|  10|0x00000000a8600000, 0x00000000a8700000, 0x00000000a8700000|100%| O|  |TAMS 0x00000000a8700000, 0x00000000a8700000| Untracked 
|  11|0x00000000a8700000, 0x00000000a876a600, 0x00000000a8800000| 41%| O|  |TAMS 0x00000000a876a600, 0x00000000a8800000| Untracked 
|  12|0x00000000a8800000, 0x00000000a8800000, 0x00000000a8900000|  0%| F|  |TAMS 0x00000000a8800000, 0x00000000a8800000| Untracked 
|  13|0x00000000a8900000, 0x00000000a8900000, 0x00000000a8a00000|  0%| F|  |TAMS 0x00000000a8900000, 0x00000000a8900000| Untracked 
|  14|0x00000000a8a00000, 0x00000000a8a00000, 0x00000000a8b00000|  0%| F|  |TAMS 0x00000000a8a00000, 0x00000000a8a00000| Untracked 
|  15|0x00000000a8b00000, 0x00000000a8b00000, 0x00000000a8c00000|  0%| F|  |TAMS 0x00000000a8b00000, 0x00000000a8b00000| Untracked 
|  16|0x00000000a8c00000, 0x00000000a8c00000, 0x00000000a8d00000|  0%| F|  |TAMS 0x00000000a8c00000, 0x00000000a8c00000| Untracked 
|  17|0x00000000a8d00000, 0x00000000a8d00000, 0x00000000a8e00000|  0%| F|  |TAMS 0x00000000a8d00000, 0x00000000a8d00000| Untracked 
|  18|0x00000000a8e00000, 0x00000000a8e00000, 0x00000000a8f00000|  0%| F|  |TAMS 0x00000000a8e00000, 0x00000000a8e00000| Untracked 
|  19|0x00000000a8f00000, 0x00000000a8f00000, 0x00000000a9000000|  0%| F|  |TAMS 0x00000000a8f00000, 0x00000000a8f00000| Untracked 
|  20|0x00000000a9000000, 0x00000000a9000000, 0x00000000a9100000|  0%| F|  |TAMS 0x00000000a9000000, 0x00000000a9000000| Untracked 
|  21|0x00000000a9100000, 0x00000000a9100000, 0x00000000a9200000|  0%| F|  |TAMS 0x00000000a9100000, 0x00000000a9100000| Untracked 
|  22|0x00000000a9200000, 0x00000000a9200000, 0x00000000a9300000|  0%| F|  |TAMS 0x00000000a9200000, 0x00000000a9200000| Untracked 
|  23|0x00000000a9300000, 0x00000000a9300000, 0x00000000a9400000|  0%| F|  |TAMS 0x00000000a9300000, 0x00000000a9300000| Untracked 
|  24|0x00000000a9400000, 0x00000000a9400000, 0x00000000a9500000|  0%| F|  |TAMS 0x00000000a9400000, 0x00000000a9400000| Untracked 
|  25|0x00000000a9500000, 0x00000000a9500000, 0x00000000a9600000|  0%| F|  |TAMS 0x00000000a9500000, 0x00000000a9500000| Untracked 
|  26|0x00000000a9600000, 0x00000000a9600000, 0x00000000a9700000|  0%| F|  |TAMS 0x00000000a9600000, 0x00000000a9600000| Untracked 
|  27|0x00000000a9700000, 0x00000000a9700000, 0x00000000a9800000|  0%| F|  |TAMS 0x00000000a9700000, 0x00000000a9700000| Untracked 
|  28|0x00000000a9800000, 0x00000000a9800000, 0x00000000a9900000|  0%| F|  |TAMS 0x00000000a9800000, 0x00000000a9800000| Untracked 
|  29|0x00000000a9900000, 0x00000000a9900000, 0x00000000a9a00000|  0%| F|  |TAMS 0x00000000a9900000, 0x00000000a9900000| Untracked 
|  30|0x00000000a9a00000, 0x00000000a9a00000, 0x00000000a9b00000|  0%| F|  |TAMS 0x00000000a9a00000, 0x00000000a9a00000| Untracked 
|  31|0x00000000a9b00000, 0x00000000a9b00000, 0x00000000a9c00000|  0%| F|  |TAMS 0x00000000a9b00000, 0x00000000a9b00000| Untracked 
|  32|0x00000000a9c00000, 0x00000000a9c00000, 0x00000000a9d00000|  0%| F|  |TAMS 0x00000000a9c00000, 0x00000000a9c00000| Untracked 
|  33|0x00000000a9d00000, 0x00000000a9d00000, 0x00000000a9e00000|  0%| F|  |TAMS 0x00000000a9d00000, 0x00000000a9d00000| Untracked 
|  34|0x00000000a9e00000, 0x00000000a9e00000, 0x00000000a9f00000|  0%| F|  |TAMS 0x00000000a9e00000, 0x00000000a9e00000| Untracked 
|  35|0x00000000a9f00000, 0x00000000a9f00000, 0x00000000aa000000|  0%| F|  |TAMS 0x00000000a9f00000, 0x00000000a9f00000| Untracked 
|  36|0x00000000aa000000, 0x00000000aa000000, 0x00000000aa100000|  0%| F|  |TAMS 0x00000000aa000000, 0x00000000aa000000| Untracked 
|  37|0x00000000aa100000, 0x00000000aa100000, 0x00000000aa200000|  0%| F|  |TAMS 0x00000000aa100000, 0x00000000aa100000| Untracked 
|  38|0x00000000aa200000, 0x00000000aa200000, 0x00000000aa300000|  0%| F|  |TAMS 0x00000000aa200000, 0x00000000aa200000| Untracked 
|  39|0x00000000aa300000, 0x00000000aa300000, 0x00000000aa400000|  0%| F|  |TAMS 0x00000000aa300000, 0x00000000aa300000| Untracked 
|  40|0x00000000aa400000, 0x00000000aa400000, 0x00000000aa500000|  0%| F|  |TAMS 0x00000000aa400000, 0x00000000aa400000| Untracked 
|  41|0x00000000aa500000, 0x00000000aa500000, 0x00000000aa600000|  0%| F|  |TAMS 0x00000000aa500000, 0x00000000aa500000| Untracked 
|  42|0x00000000aa600000, 0x00000000aa600000, 0x00000000aa700000|  0%| F|  |TAMS 0x00000000aa600000, 0x00000000aa600000| Untracked 
|  43|0x00000000aa700000, 0x00000000aa700000, 0x00000000aa800000|  0%| F|  |TAMS 0x00000000aa700000, 0x00000000aa700000| Untracked 
|  44|0x00000000aa800000, 0x00000000aa800000, 0x00000000aa900000|  0%| F|  |TAMS 0x00000000aa800000, 0x00000000aa800000| Untracked 
|  45|0x00000000aa900000, 0x00000000aa900000, 0x00000000aaa00000|  0%| F|  |TAMS 0x00000000aa900000, 0x00000000aa900000| Untracked 
|  46|0x00000000aaa00000, 0x00000000aaa00000, 0x00000000aab00000|  0%| F|  |TAMS 0x00000000aaa00000, 0x00000000aaa00000| Untracked 
|  47|0x00000000aab00000, 0x00000000aab00000, 0x00000000aac00000|  0%| F|  |TAMS 0x00000000aab00000, 0x00000000aab00000| Untracked 
|  48|0x00000000aac00000, 0x00000000aac00000, 0x00000000aad00000|  0%| F|  |TAMS 0x00000000aac00000, 0x00000000aac00000| Untracked 
|  49|0x00000000aad00000, 0x00000000aad00000, 0x00000000aae00000|  0%| F|  |TAMS 0x00000000aad00000, 0x00000000aad00000| Untracked 
|  50|0x00000000aae00000, 0x00000000aae00000, 0x00000000aaf00000|  0%| F|  |TAMS 0x00000000aae00000, 0x00000000aae00000| Untracked 
|  51|0x00000000aaf00000, 0x00000000aaf00000, 0x00000000ab000000|  0%| F|  |TAMS 0x00000000aaf00000, 0x00000000aaf00000| Untracked 
|  52|0x00000000ab000000, 0x00000000ab000000, 0x00000000ab100000|  0%| F|  |TAMS 0x00000000ab000000, 0x00000000ab000000| Untracked 
|  53|0x00000000ab100000, 0x00000000ab100000, 0x00000000ab200000|  0%| F|  |TAMS 0x00000000ab100000, 0x00000000ab100000| Untracked 
|  54|0x00000000ab200000, 0x00000000ab200000, 0x00000000ab300000|  0%| F|  |TAMS 0x00000000ab200000, 0x00000000ab200000| Untracked 
|  55|0x00000000ab300000, 0x00000000ab300000, 0x00000000ab400000|  0%| F|  |TAMS 0x00000000ab300000, 0x00000000ab300000| Untracked 
|  56|0x00000000ab400000, 0x00000000ab400000, 0x00000000ab500000|  0%| F|  |TAMS 0x00000000ab400000, 0x00000000ab400000| Untracked 
|  57|0x00000000ab500000, 0x00000000ab500000, 0x00000000ab600000|  0%| F|  |TAMS 0x00000000ab500000, 0x00000000ab500000| Untracked 
|  58|0x00000000ab600000, 0x00000000ab600000, 0x00000000ab700000|  0%| F|  |TAMS 0x00000000ab600000, 0x00000000ab600000| Untracked 
|  59|0x00000000ab700000, 0x00000000ab700000, 0x00000000ab800000|  0%| F|  |TAMS 0x00000000ab700000, 0x00000000ab700000| Untracked 
|  60|0x00000000ab800000, 0x00000000ab800000, 0x00000000ab900000|  0%| F|  |TAMS 0x00000000ab800000, 0x00000000ab800000| Untracked 
|  61|0x00000000ab900000, 0x00000000ab900000, 0x00000000aba00000|  0%| F|  |TAMS 0x00000000ab900000, 0x00000000ab900000| Untracked 
|  62|0x00000000aba00000, 0x00000000aba00000, 0x00000000abb00000|  0%| F|  |TAMS 0x00000000aba00000, 0x00000000aba00000| Untracked 
|  63|0x00000000abb00000, 0x00000000abb00000, 0x00000000abc00000|  0%| F|  |TAMS 0x00000000abb00000, 0x00000000abb00000| Untracked 
|  64|0x00000000abc00000, 0x00000000abd00000, 0x00000000abd00000|100%| E|CS|TAMS 0x00000000abc00000, 0x00000000abd00000| Complete 
|  65|0x00000000abd00000, 0x00000000abe00000, 0x00000000abe00000|100%| E|CS|TAMS 0x00000000abd00000, 0x00000000abe00000| Complete 
|  66|0x00000000abe00000, 0x00000000abf00000, 0x00000000abf00000|100%| E|CS|TAMS 0x00000000abe00000, 0x00000000abf00000| Complete 
|  67|0x00000000abf00000, 0x00000000ac000000, 0x00000000ac000000|100%| E|CS|TAMS 0x00000000abf00000, 0x00000000ac000000| Complete 
|  68|0x00000000ac000000, 0x00000000ac100000, 0x00000000ac100000|100%| E|CS|TAMS 0x00000000ac000000, 0x00000000ac100000| Complete 
|  69|0x00000000ac100000, 0x00000000ac200000, 0x00000000ac200000|100%| E|CS|TAMS 0x00000000ac100000, 0x00000000ac200000| Complete 
|  70|0x00000000ac200000, 0x00000000ac200000, 0x00000000ac300000|  0%| F|  |TAMS 0x00000000ac200000, 0x00000000ac200000| Untracked 
|  71|0x00000000ac300000, 0x00000000ac300000, 0x00000000ac400000|  0%| F|  |TAMS 0x00000000ac300000, 0x00000000ac300000| Untracked 
|  72|0x00000000ac400000, 0x00000000ac400000, 0x00000000ac500000|  0%| F|  |TAMS 0x00000000ac400000, 0x00000000ac400000| Untracked 
|  73|0x00000000ac500000, 0x00000000ac500000, 0x00000000ac600000|  0%| F|  |TAMS 0x00000000ac500000, 0x00000000ac500000| Untracked 
|  74|0x00000000ac600000, 0x00000000ac600000, 0x00000000ac700000|  0%| F|  |TAMS 0x00000000ac600000, 0x00000000ac600000| Untracked 
|  75|0x00000000ac700000, 0x00000000ac700000, 0x00000000ac800000|  0%| F|  |TAMS 0x00000000ac700000, 0x00000000ac700000| Untracked 
|  76|0x00000000ac800000, 0x00000000ac800000, 0x00000000ac900000|  0%| F|  |TAMS 0x00000000ac800000, 0x00000000ac800000| Untracked 
|  77|0x00000000ac900000, 0x00000000aca00000, 0x00000000aca00000|100%| S|  |TAMS 0x00000000ac900000, 0x00000000ac900000| Complete 
|  78|0x00000000aca00000, 0x00000000acb00000, 0x00000000acb00000|100%| S|  |TAMS 0x00000000aca00000, 0x00000000aca00000| Complete 
|  79|0x00000000acb00000, 0x00000000acc00000, 0x00000000acc00000|100%| S|  |TAMS 0x00000000acb00000, 0x00000000acb00000| Complete 
|  80|0x00000000acc00000, 0x00000000acd00000, 0x00000000acd00000|100%| S|  |TAMS 0x00000000acc00000, 0x00000000acc00000| Complete 
|  81|0x00000000acd00000, 0x00000000ace00000, 0x00000000ace00000|100%| S|  |TAMS 0x00000000acd00000, 0x00000000acd00000| Complete 
|  82|0x00000000ace00000, 0x00000000acf00000, 0x00000000acf00000|100%| S|  |TAMS 0x00000000ace00000, 0x00000000ace00000| Complete 
|  83|0x00000000acf00000, 0x00000000ad000000, 0x00000000ad000000|100%| S|  |TAMS 0x00000000acf00000, 0x00000000acf00000| Complete 
|  84|0x00000000ad000000, 0x00000000ad100000, 0x00000000ad100000|100%| E|CS|TAMS 0x00000000ad000000, 0x00000000ad100000| Complete 
|  85|0x00000000ad100000, 0x00000000ad200000, 0x00000000ad200000|100%| E|CS|TAMS 0x00000000ad100000, 0x00000000ad200000| Complete 
|  86|0x00000000ad200000, 0x00000000ad300000, 0x00000000ad300000|100%| E|CS|TAMS 0x00000000ad200000, 0x00000000ad300000| Complete 
|  87|0x00000000ad300000, 0x00000000ad400000, 0x00000000ad400000|100%| E|CS|TAMS 0x00000000ad300000, 0x00000000ad400000| Complete 
|  88|0x00000000ad400000, 0x00000000ad500000, 0x00000000ad500000|100%| E|CS|TAMS 0x00000000ad400000, 0x00000000ad500000| Complete 
|  89|0x00000000ad500000, 0x00000000ad600000, 0x00000000ad600000|100%| E|CS|TAMS 0x00000000ad500000, 0x00000000ad600000| Complete 
|  90|0x00000000ad600000, 0x00000000ad700000, 0x00000000ad700000|100%| E|CS|TAMS 0x00000000ad600000, 0x00000000ad700000| Complete 
|  91|0x00000000ad700000, 0x00000000ad800000, 0x00000000ad800000|100%| E|CS|TAMS 0x00000000ad700000, 0x00000000ad800000| Complete 
|  92|0x00000000ad800000, 0x00000000ad900000, 0x00000000ad900000|100%| E|CS|TAMS 0x00000000ad800000, 0x00000000ad900000| Complete 
|  93|0x00000000ad900000, 0x00000000ada00000, 0x00000000ada00000|100%| E|CS|TAMS 0x00000000ad900000, 0x00000000ada00000| Complete 
|  94|0x00000000ada00000, 0x00000000adb00000, 0x00000000adb00000|100%| E|CS|TAMS 0x00000000ada00000, 0x00000000adb00000| Complete 
|  95|0x00000000adb00000, 0x00000000adc00000, 0x00000000adc00000|100%| E|CS|TAMS 0x00000000adb00000, 0x00000000adc00000| Complete 
|  96|0x00000000adc00000, 0x00000000add00000, 0x00000000add00000|100%| E|CS|TAMS 0x00000000adc00000, 0x00000000add00000| Complete 
|  97|0x00000000add00000, 0x00000000ade00000, 0x00000000ade00000|100%| E|CS|TAMS 0x00000000add00000, 0x00000000ade00000| Complete 
|  98|0x00000000ade00000, 0x00000000adf00000, 0x00000000adf00000|100%| E|CS|TAMS 0x00000000ade00000, 0x00000000adf00000| Complete 
|  99|0x00000000adf00000, 0x00000000ae000000, 0x00000000ae000000|100%| E|CS|TAMS 0x00000000adf00000, 0x00000000ae000000| Complete 
| 100|0x00000000ae000000, 0x00000000ae100000, 0x00000000ae100000|100%| E|CS|TAMS 0x00000000ae000000, 0x00000000ae100000| Complete 
| 101|0x00000000ae100000, 0x00000000ae200000, 0x00000000ae200000|100%| E|CS|TAMS 0x00000000ae100000, 0x00000000ae200000| Complete 
| 102|0x00000000ae200000, 0x00000000ae300000, 0x00000000ae300000|100%| E|CS|TAMS 0x00000000ae200000, 0x00000000ae300000| Complete 
| 103|0x00000000ae300000, 0x00000000ae400000, 0x00000000ae400000|100%| E|CS|TAMS 0x00000000ae300000, 0x00000000ae400000| Complete 
| 104|0x00000000ae400000, 0x00000000ae500000, 0x00000000ae500000|100%| E|CS|TAMS 0x00000000ae400000, 0x00000000ae500000| Complete 
| 105|0x00000000ae500000, 0x00000000ae600000, 0x00000000ae600000|100%| E|CS|TAMS 0x00000000ae500000, 0x00000000ae600000| Complete 
| 106|0x00000000ae600000, 0x00000000ae700000, 0x00000000ae700000|100%| E|CS|TAMS 0x00000000ae600000, 0x00000000ae700000| Complete 
| 107|0x00000000ae700000, 0x00000000ae800000, 0x00000000ae800000|100%| E|CS|TAMS 0x00000000ae700000, 0x00000000ae800000| Complete 
| 108|0x00000000ae800000, 0x00000000ae900000, 0x00000000ae900000|100%| E|CS|TAMS 0x00000000ae800000, 0x00000000ae900000| Complete 
| 109|0x00000000ae900000, 0x00000000aea00000, 0x00000000aea00000|100%| E|CS|TAMS 0x00000000ae900000, 0x00000000aea00000| Complete 
| 110|0x00000000aea00000, 0x00000000aeb00000, 0x00000000aeb00000|100%| E|CS|TAMS 0x00000000aea00000, 0x00000000aeb00000| Complete 
| 111|0x00000000aeb00000, 0x00000000aec00000, 0x00000000aec00000|100%| E|CS|TAMS 0x00000000aeb00000, 0x00000000aec00000| Complete 
| 112|0x00000000aec00000, 0x00000000aed00000, 0x00000000aed00000|100%| E|CS|TAMS 0x00000000aec00000, 0x00000000aed00000| Complete 
| 113|0x00000000aed00000, 0x00000000aee00000, 0x00000000aee00000|100%| E|CS|TAMS 0x00000000aed00000, 0x00000000aee00000| Complete 
| 114|0x00000000aee00000, 0x00000000aef00000, 0x00000000aef00000|100%| E|CS|TAMS 0x00000000aee00000, 0x00000000aef00000| Complete 
| 115|0x00000000aef00000, 0x00000000af000000, 0x00000000af000000|100%| E|CS|TAMS 0x00000000aef00000, 0x00000000af000000| Complete 
| 116|0x00000000af000000, 0x00000000af100000, 0x00000000af100000|100%| E|CS|TAMS 0x00000000af000000, 0x00000000af100000| Complete 
| 117|0x00000000af100000, 0x00000000af200000, 0x00000000af200000|100%| E|CS|TAMS 0x00000000af100000, 0x00000000af200000| Complete 
| 118|0x00000000af200000, 0x00000000af300000, 0x00000000af300000|100%| E|CS|TAMS 0x00000000af200000, 0x00000000af300000| Complete 
| 119|0x00000000af300000, 0x00000000af400000, 0x00000000af400000|100%| E|CS|TAMS 0x00000000af300000, 0x00000000af400000| Complete 
| 120|0x00000000af400000, 0x00000000af500000, 0x00000000af500000|100%| E|CS|TAMS 0x00000000af400000, 0x00000000af500000| Complete 
| 121|0x00000000af500000, 0x00000000af600000, 0x00000000af600000|100%| E|CS|TAMS 0x00000000af500000, 0x00000000af600000| Complete 
| 122|0x00000000af600000, 0x00000000af700000, 0x00000000af700000|100%| E|CS|TAMS 0x00000000af600000, 0x00000000af700000| Complete 
| 123|0x00000000af700000, 0x00000000af800000, 0x00000000af800000|100%| E|CS|TAMS 0x00000000af700000, 0x00000000af800000| Complete 
| 124|0x00000000af800000, 0x00000000af900000, 0x00000000af900000|100%| E|CS|TAMS 0x00000000af800000, 0x00000000af900000| Complete 
| 125|0x00000000af900000, 0x00000000afa00000, 0x00000000afa00000|100%| E|CS|TAMS 0x00000000af900000, 0x00000000afa00000| Complete 
| 126|0x00000000afa00000, 0x00000000afb00000, 0x00000000afb00000|100%| E|CS|TAMS 0x00000000afa00000, 0x00000000afb00000| Complete 
| 127|0x00000000afb00000, 0x00000000afc00000, 0x00000000afc00000|100%| E|CS|TAMS 0x00000000afb00000, 0x00000000afc00000| Complete 
| 128|0x00000000afc00000, 0x00000000afd00000, 0x00000000afd00000|100%| E|CS|TAMS 0x00000000afc00000, 0x00000000afd00000| Complete 
| 129|0x00000000afd00000, 0x00000000afe00000, 0x00000000afe00000|100%| E|CS|TAMS 0x00000000afd00000, 0x00000000afe00000| Complete 
| 130|0x00000000afe00000, 0x00000000aff00000, 0x00000000aff00000|100%| E|CS|TAMS 0x00000000afe00000, 0x00000000aff00000| Complete 
| 131|0x00000000aff00000, 0x00000000b0000000, 0x00000000b0000000|100%| E|CS|TAMS 0x00000000aff00000, 0x00000000b0000000| Complete 
| 132|0x00000000b0000000, 0x00000000b0100000, 0x00000000b0100000|100%| E|CS|TAMS 0x00000000b0000000, 0x00000000b0100000| Complete 
| 133|0x00000000b0100000, 0x00000000b0200000, 0x00000000b0200000|100%| E|CS|TAMS 0x00000000b0100000, 0x00000000b0200000| Complete 
| 134|0x00000000b0200000, 0x00000000b0300000, 0x00000000b0300000|100%| E|CS|TAMS 0x00000000b0200000, 0x00000000b0300000| Complete 
| 135|0x00000000b0300000, 0x00000000b0400000, 0x00000000b0400000|100%| E|CS|TAMS 0x00000000b0300000, 0x00000000b0400000| Complete 
| 136|0x00000000b0400000, 0x00000000b0500000, 0x00000000b0500000|100%| E|CS|TAMS 0x00000000b0400000, 0x00000000b0500000| Complete 
| 137|0x00000000b0500000, 0x00000000b0600000, 0x00000000b0600000|100%| E|CS|TAMS 0x00000000b0500000, 0x00000000b0600000| Complete 
| 138|0x00000000b0600000, 0x00000000b0700000, 0x00000000b0700000|100%| E|CS|TAMS 0x00000000b0600000, 0x00000000b0700000| Complete 
| 139|0x00000000b0700000, 0x00000000b0800000, 0x00000000b0800000|100%| E|CS|TAMS 0x00000000b0700000, 0x00000000b0800000| Complete 
| 140|0x00000000b0800000, 0x00000000b0900000, 0x00000000b0900000|100%| E|CS|TAMS 0x00000000b0800000, 0x00000000b0900000| Complete 
| 141|0x00000000b0900000, 0x00000000b0a00000, 0x00000000b0a00000|100%| E|CS|TAMS 0x00000000b0900000, 0x00000000b0a00000| Complete 
| 142|0x00000000b0a00000, 0x00000000b0b00000, 0x00000000b0b00000|100%| E|CS|TAMS 0x00000000b0a00000, 0x00000000b0b00000| Complete 
| 143|0x00000000b0b00000, 0x00000000b0c00000, 0x00000000b0c00000|100%| E|CS|TAMS 0x00000000b0b00000, 0x00000000b0c00000| Complete 
| 144|0x00000000b0c00000, 0x00000000b0d00000, 0x00000000b0d00000|100%| E|CS|TAMS 0x00000000b0c00000, 0x00000000b0d00000| Complete 
| 145|0x00000000b0d00000, 0x00000000b0e00000, 0x00000000b0e00000|100%| E|CS|TAMS 0x00000000b0d00000, 0x00000000b0e00000| Complete 
| 146|0x00000000b0e00000, 0x00000000b0f00000, 0x00000000b0f00000|100%| E|CS|TAMS 0x00000000b0e00000, 0x00000000b0f00000| Complete 
| 147|0x00000000b0f00000, 0x00000000b1000000, 0x00000000b1000000|100%| E|CS|TAMS 0x00000000b0f00000, 0x00000000b1000000| Complete 
| 148|0x00000000b1000000, 0x00000000b1100000, 0x00000000b1100000|100%| E|CS|TAMS 0x00000000b1000000, 0x00000000b1100000| Complete 
| 149|0x00000000b1100000, 0x00000000b1200000, 0x00000000b1200000|100%| E|CS|TAMS 0x00000000b1100000, 0x00000000b1200000| Complete 
| 150|0x00000000b1200000, 0x00000000b1300000, 0x00000000b1300000|100%| E|CS|TAMS 0x00000000b1200000, 0x00000000b1300000| Complete 
| 151|0x00000000b1300000, 0x00000000b1400000, 0x00000000b1400000|100%| E|CS|TAMS 0x00000000b1300000, 0x00000000b1400000| Complete 
| 152|0x00000000b1400000, 0x00000000b1500000, 0x00000000b1500000|100%| E|CS|TAMS 0x00000000b1400000, 0x00000000b1500000| Complete 
| 153|0x00000000b1500000, 0x00000000b1600000, 0x00000000b1600000|100%| E|CS|TAMS 0x00000000b1500000, 0x00000000b1600000| Complete 
| 154|0x00000000b1600000, 0x00000000b1700000, 0x00000000b1700000|100%| E|CS|TAMS 0x00000000b1600000, 0x00000000b1700000| Complete 
| 155|0x00000000b1700000, 0x00000000b1800000, 0x00000000b1800000|100%| E|CS|TAMS 0x00000000b1700000, 0x00000000b1800000| Complete 
| 156|0x00000000b1800000, 0x00000000b1900000, 0x00000000b1900000|100%| E|CS|TAMS 0x00000000b1800000, 0x00000000b1900000| Complete 
| 157|0x00000000b1900000, 0x00000000b1a00000, 0x00000000b1a00000|100%| E|CS|TAMS 0x00000000b1900000, 0x00000000b1a00000| Complete 
| 158|0x00000000b1a00000, 0x00000000b1b00000, 0x00000000b1b00000|100%| E|CS|TAMS 0x00000000b1a00000, 0x00000000b1b00000| Complete 
| 159|0x00000000b1b00000, 0x00000000b1c00000, 0x00000000b1c00000|100%| E|CS|TAMS 0x00000000b1b00000, 0x00000000b1c00000| Complete 
| 160|0x00000000b1c00000, 0x00000000b1d00000, 0x00000000b1d00000|100%| E|CS|TAMS 0x00000000b1c00000, 0x00000000b1d00000| Complete 
| 161|0x00000000b1d00000, 0x00000000b1e00000, 0x00000000b1e00000|100%| E|CS|TAMS 0x00000000b1d00000, 0x00000000b1e00000| Complete 
| 162|0x00000000b1e00000, 0x00000000b1f00000, 0x00000000b1f00000|100%| E|CS|TAMS 0x00000000b1e00000, 0x00000000b1f00000| Complete 
| 163|0x00000000b1f00000, 0x00000000b2000000, 0x00000000b2000000|100%| E|CS|TAMS 0x00000000b1f00000, 0x00000000b2000000| Complete 
| 164|0x00000000b2000000, 0x00000000b2100000, 0x00000000b2100000|100%| E|CS|TAMS 0x00000000b2000000, 0x00000000b2100000| Complete 
| 165|0x00000000b2100000, 0x00000000b2200000, 0x00000000b2200000|100%| E|CS|TAMS 0x00000000b2100000, 0x00000000b2200000| Complete 
| 166|0x00000000b2200000, 0x00000000b2300000, 0x00000000b2300000|100%| E|CS|TAMS 0x00000000b2200000, 0x00000000b2300000| Complete 
| 167|0x00000000b2300000, 0x00000000b2400000, 0x00000000b2400000|100%| E|CS|TAMS 0x00000000b2300000, 0x00000000b2400000| Complete 
| 168|0x00000000b2400000, 0x00000000b2500000, 0x00000000b2500000|100%| E|CS|TAMS 0x00000000b2400000, 0x00000000b2500000| Complete 
| 169|0x00000000b2500000, 0x00000000b2600000, 0x00000000b2600000|100%| E|CS|TAMS 0x00000000b2500000, 0x00000000b2600000| Complete 
| 170|0x00000000b2600000, 0x00000000b2700000, 0x00000000b2700000|100%| E|CS|TAMS 0x00000000b2600000, 0x00000000b2700000| Complete 
| 171|0x00000000b2700000, 0x00000000b2800000, 0x00000000b2800000|100%| E|CS|TAMS 0x00000000b2700000, 0x00000000b2800000| Complete 
| 172|0x00000000b2800000, 0x00000000b2900000, 0x00000000b2900000|100%| E|CS|TAMS 0x00000000b2800000, 0x00000000b2900000| Complete 
| 173|0x00000000b2900000, 0x00000000b2a00000, 0x00000000b2a00000|100%| E|CS|TAMS 0x00000000b2900000, 0x00000000b2a00000| Complete 
| 174|0x00000000b2a00000, 0x00000000b2b00000, 0x00000000b2b00000|100%| E|CS|TAMS 0x00000000b2a00000, 0x00000000b2b00000| Complete 
| 175|0x00000000b2b00000, 0x00000000b2c00000, 0x00000000b2c00000|100%| E|CS|TAMS 0x00000000b2b00000, 0x00000000b2c00000| Complete 
| 176|0x00000000b2c00000, 0x00000000b2d00000, 0x00000000b2d00000|100%| E|CS|TAMS 0x00000000b2c00000, 0x00000000b2d00000| Complete 
|1410|0x00000000ffe00000, 0x00000000ffe47000, 0x00000000fff00000| 27%|OA|  |TAMS 0x00000000ffe47000, 0x00000000ffe47000| Untracked 
|1411|0x00000000fff00000, 0x00000000fff6a000, 0x0000000100000000| 41%|CA|  |TAMS 0x00000000fff6a000, 0x00000000fff6a000| Untracked 

Card table byte_map: [0x00007f04b9c08000,0x00007f04b9eca000] _byte_map_base: 0x00007f04b96ca000

Marking Bits (Prev, Next): (CMBitMap*) 0x00007f04b404d120, (CMBitMap*) 0x00007f04b404d0e8
 Prev Bits: [0x00007f04969f0000, 0x00007f0498000000)
 Next Bits: [0x00007f04b8336000, 0x00007f04b9946000)

Polling page: 0x00007f04bbf2a000

Metaspace:

Usage:
  Non-class:     30,31 MB capacity,    29,70 MB ( 98%) used,   540,90 KB (  2%) free+waste,    83,69 KB ( <1%) overhead. 
      Class:      4,35 MB capacity,     4,07 MB ( 93%) used,   255,97 KB (  6%) free+waste,    38,38 KB ( <1%) overhead. 
       Both:     34,66 MB capacity,    33,76 MB ( 97%) used,   796,87 KB (  2%) free+waste,   122,06 KB ( <1%) overhead. 

Virtual space:
  Non-class space:       32,00 MB reserved,      30,62 MB ( 96%) committed 
      Class space:        1,00 GB reserved,       4,38 MB ( <1%) committed 
             Both:        1,03 GB reserved,      35,00 MB (  3%) committed 

Chunk freelists:
   Non-Class:  264,00 KB
       Class:  22,00 KB
        Both:  286,00 KB

MaxMetaspaceSize: unlimited
CompressedClassSpaceSize: 1,00 GB

CodeHeap 'non-profiled nmethods': size=120036Kb used=2125Kb max_used=2125Kb free=117910Kb
 bounds [0x00007f04a43c9000, 0x00007f04a4639000, 0x00007f04ab902000]
CodeHeap 'profiled nmethods': size=120032Kb used=9076Kb max_used=9076Kb free=110955Kb
 bounds [0x00007f049ce91000, 0x00007f049d771000, 0x00007f04a43c9000]
CodeHeap 'non-nmethods': size=5692Kb used=1255Kb max_used=1271Kb free=4436Kb
 bounds [0x00007f049c902000, 0x00007f049cb72000, 0x00007f049ce91000]
 total_blobs=4546 nmethods=3981 adapters=485
 compilation: enabled
              stopped_count=0, restarted_count=0
 full_count=0

Compilation events (20 events):
Event: 20,325 Thread 0x00007f04b40e7800 nmethod 4039 0x00007f049d768690 code [0x00007f049d768880, 0x00007f049d768c30]
Event: 20,325 Thread 0x00007f04b40e7800 4038       3       org.postgresql.core.Tuple::<init> (7 bytes)
Event: 20,325 Thread 0x00007f04b40e7800 nmethod 4038 0x00007f049d768e10 code [0x00007f049d768fc0, 0x00007f049d7691f0]
Event: 20,325 Thread 0x00007f04b40e7800 4042       3       java.util.logging.Logger::log (44 bytes)
Event: 20,326 Thread 0x00007f04b40e7800 nmethod 4042 0x00007f049d769310 code [0x00007f049d769500, 0x00007f049d769bd0]
Event: 20,326 Thread 0x00007f04b40e7800 4043       3       org.postgresql.jdbc.PgConnection::getLogger (4 bytes)
Event: 20,326 Thread 0x00007f04b40e7800 nmethod 4043 0x00007f049d769e10 code [0x00007f049d769fc0, 0x00007f049d76a0f0]
Event: 20,326 Thread 0x00007f04b40e7800 4044       3       org.postgresql.jdbc.PgResultSet::getRawValue (63 bytes)
Event: 20,327 Thread 0x00007f04b40e7800 nmethod 4044 0x00007f049d76a190 code [0x00007f049d76a3e0, 0x00007f049d76abe0]
Event: 20,327 Thread 0x00007f04b40e7800 4048       3       org.postgresql.jdbc.PgResultSet::findColumn (41 bytes)
Event: 20,337 Thread 0x00007f04b40e7800 nmethod 4048 0x00007f049d76af90 code [0x00007f049d76b1e0, 0x00007f049d76baa0]
Event: 20,337 Thread 0x00007f04b40e7800 4058       3       java.lang.Integer::stringSize (47 bytes)
Event: 20,337 Thread 0x00007f04b40e7800 nmethod 4058 0x00007f049d76be10 code [0x00007f049d76bfc0, 0x00007f049d76c1f0]
Event: 20,337 Thread 0x00007f04b40e7800 4060       3       java.lang.Integer::getChars (131 bytes)
Event: 20,338 Thread 0x00007f04b40e7800 nmethod 4060 0x00007f049d76c290 code [0x00007f049d76c480, 0x00007f049d76c8b0]
Event: 20,338 Thread 0x00007f04b40e7800 4052  s    3       org.postgresql.core.OptimizedUTF8Encoder::charDecode (83 bytes)
Event: 20,340 Thread 0x00007f04b40e7800 nmethod 4052 0x00007f049d76cb90 code [0x00007f049d76cdc0, 0x00007f049d76d740]
Event: 20,340 Thread 0x00007f04b40e7800 4051       3       org.postgresql.core.ByteOptimizedUTF8Encoder::decode (66 bytes)
Event: 20,341 Thread 0x00007f04b40e7800 nmethod 4051 0x00007f049d76da90 code [0x00007f049d76dc80, 0x00007f049d76e100]
Event: 20,348 Thread 0x00007f04b40e7800 4047       3       org.postgresql.core.Tuple::get (7 bytes)

GC Heap History (20 events):
Event: 6,546 GC heap after
{Heap after GC invocations=7 (full 0):
 garbage-first heap   total 126976K, used 13488K [0x00000000a7c00000, 0x0000000100000000)
  region size 1024K, 7 young (7168K), 7 survivors (7168K)
 Metaspace       used 11619K, capacity 12172K, committed 12544K, reserved 1060864K
  class space    used 1187K, capacity 1421K, committed 1536K, reserved 1048576K
}
Event: 7,076 GC heap before
{Heap before GC invocations=7 (full 0):
 garbage-first heap   total 126976K, used 82096K [0x00000000a7c00000, 0x0000000100000000)
  region size 1024K, 74 young (75776K), 7 survivors (7168K)
 Metaspace       used 11629K, capacity 12172K, committed 12544K, reserved 1060864K
  class space    used 1187K, capacity 1421K, committed 1536K, reserved 1048576K
}
Event: 7,096 GC heap after
{Heap after GC invocations=8 (full 0):
 garbage-first heap   total 126976K, used 14716K [0x00000000a7c00000, 0x0000000100000000)
  region size 1024K, 7 young (7168K), 7 survivors (7168K)
 Metaspace       used 11629K, capacity 12172K, committed 12544K, reserved 1060864K
  class space    used 1187K, capacity 1421K, committed 1536K, reserved 1048576K
}
Event: 7,781 GC heap before
{Heap before GC invocations=8 (full 0):
 garbage-first heap   total 126976K, used 83324K [0x00000000a7c00000, 0x0000000100000000)
  region size 1024K, 74 young (75776K), 7 survivors (7168K)
 Metaspace       used 11646K, capacity 12236K, committed 12544K, reserved 1060864K
  class space    used 1187K, capacity 1421K, committed 1536K, reserved 1048576K
}
Event: 7,798 GC heap after
{Heap after GC invocations=9 (full 0):
 garbage-first heap   total 152576K, used 14952K [0x00000000a7c00000, 0x0000000100000000)
  region size 1024K, 3 young (3072K), 3 survivors (3072K)
 Metaspace       used 11646K, capacity 12236K, committed 12544K, reserved 1060864K
  class space    used 1187K, capacity 1421K, committed 1536K, reserved 1048576K
}
Event: 8,695 GC heap before
{Heap before GC invocations=9 (full 0):
 garbage-first heap   total 152576K, used 98920K [0x00000000a7c00000, 0x0000000100000000)
  region size 1024K, 85 young (87040K), 3 survivors (3072K)
 Metaspace       used 11657K, capacity 12306K, committed 12544K, reserved 1060864K
  class space    used 1188K, capacity 1423K, committed 1536K, reserved 1048576K
}
Event: 8,711 GC heap after
{Heap after GC invocations=10 (full 0):
 garbage-first heap   total 152576K, used 15469K [0x00000000a7c00000, 0x0000000100000000)
  region size 1024K, 3 young (3072K), 3 survivors (3072K)
 Metaspace       used 11657K, capacity 12306K, committed 12544K, reserved 1060864K
  class space    used 1188K, capacity 1423K, committed 1536K, reserved 1048576K
}
Event: 9,516 GC heap before
{Heap before GC invocations=10 (full 0):
 garbage-first heap   total 152576K, used 103533K [0x00000000a7c00000, 0x0000000100000000)
  region size 1024K, 89 young (91136K), 3 survivors (3072K)
 Metaspace       used 11676K, capacity 12306K, committed 12544K, reserved 1060864K
  class space    used 1190K, capacity 1423K, committed 1536K, reserved 1048576K
}
Event: 9,529 GC heap after
{Heap after GC invocations=11 (full 0):
 garbage-first heap   total 152576K, used 16493K [0x00000000a7c00000, 0x0000000100000000)
  region size 1024K, 4 young (4096K), 4 survivors (4096K)
 Metaspace       used 11676K, capacity 12306K, committed 12544K, reserved 1060864K
  class space    used 1190K, capacity 1423K, committed 1536K, reserved 1048576K
}
Event: 10,274 GC heap before
{Heap before GC invocations=11 (full 0):
 garbage-first heap   total 152576K, used 103533K [0x00000000a7c00000, 0x0000000100000000)
  region size 1024K, 89 young (91136K), 4 survivors (4096K)
 Metaspace       used 11720K, capacity 12312K, committed 12544K, reserved 1060864K
  class space    used 1191K, capacity 1425K, committed 1536K, reserved 1048576K
}
Event: 10,294 GC heap after
{Heap after GC invocations=12 (full 0):
 garbage-first heap   total 152576K, used 17191K [0x00000000a7c00000, 0x0000000100000000)
  region size 1024K, 5 young (5120K), 5 survivors (5120K)
 Metaspace       used 11720K, capacity 12312K, committed 12544K, reserved 1060864K
  class space    used 1191K, capacity 1425K, committed 1536K, reserved 1048576K
}
Event: 10,922 GC heap before
{Heap before GC invocations=12 (full 0):
 garbage-first heap   total 152576K, used 103207K [0x00000000a7c00000, 0x0000000100000000)
  region size 1024K, 89 young (91136K), 5 survivors (5120K)
 Metaspace       used 11733K, capacity 12376K, committed 12800K, reserved 1060864K
  class space    used 1192K, capacity 1425K, committed 1536K, reserved 1048576K
}
Event: 10,937 GC heap after
{Heap after GC invocations=13 (full 0):
 garbage-first heap   total 183296K, used 18375K [0x00000000a7c00000, 0x0000000100000000)
  region size 1024K, 6 young (6144K), 6 survivors (6144K)
 Metaspace       used 11733K, capacity 12376K, committed 12800K, reserved 1060864K
  class space    used 1192K, capacity 1425K, committed 1536K, reserved 1048576K
}
Event: 11,747 GC heap before
{Heap before GC invocations=13 (full 0):
 garbage-first heap   total 183296K, used 120775K [0x00000000a7c00000, 0x0000000100000000)
  region size 1024K, 106 young (108544K), 6 survivors (6144K)
 Metaspace       used 11781K, capacity 12376K, committed 12800K, reserved 1060864K
  class space    used 1195K, capacity 1425K, committed 1536K, reserved 1048576K
}
Event: 11,753 GC heap after
{Heap after GC invocations=14 (full 0):
 garbage-first heap   total 183296K, used 14431K [0x00000000a7c00000, 0x0000000100000000)
  region size 1024K, 2 young (2048K), 2 survivors (2048K)
 Metaspace       used 11781K, capacity 12376K, committed 12800K, reserved 1060864K
  class space    used 1195K, capacity 1425K, committed 1536K, reserved 1048576K
}
Event: 14,709 GC heap before
{Heap before GC invocations=14 (full 0):
 garbage-first heap   total 183296K, used 109663K [0x00000000a7c00000, 0x0000000100000000)
  region size 1024K, 97 young (99328K), 2 survivors (2048K)
 Metaspace       used 20360K, capacity 21020K, committed 21248K, reserved 1069056K
  class space    used 2245K, capacity 2538K, committed 2560K, reserved 1048576K
}
Event: 14,731 GC heap after
{Heap after GC invocations=15 (full 0):
 garbage-first heap   total 183296K, used 16175K [0x00000000a7c00000, 0x0000000100000000)
  region size 1024K, 4 young (4096K), 4 survivors (4096K)
 Metaspace       used 20360K, capacity 21020K, committed 21248K, reserved 1069056K
  class space    used 2245K, capacity 2538K, committed 2560K, reserved 1048576K
}
Event: 18,237 GC heap before
{Heap before GC invocations=16 (full 0):
 garbage-first heap   total 183296K, used 121647K [0x00000000a7c00000, 0x0000000100000000)
  region size 1024K, 107 young (109568K), 4 survivors (4096K)
 Metaspace       used 28042K, capacity 28824K, committed 29184K, reserved 1075200K
  class space    used 3195K, capacity 3514K, committed 3584K, reserved 1048576K
}
Event: 18,277 GC heap after
{Heap after GC invocations=17 (full 0):
 garbage-first heap   total 183296K, used 18541K [0x00000000a7c00000, 0x0000000100000000)
  region size 1024K, 6 young (6144K), 6 survivors (6144K)
 Metaspace       used 28042K, capacity 28824K, committed 29184K, reserved 1075200K
  class space    used 3195K, capacity 3514K, committed 3584K, reserved 1048576K
}
Event: 20,348 GC heap before
{Heap before GC invocations=17 (full 0):
 garbage-first heap   total 183296K, used 112749K [0x00000000a7c00000, 0x0000000100000000)
  region size 1024K, 99 young (101376K), 6 survivors (6144K)
 Metaspace       used 34575K, capacity 35494K, committed 35840K, reserved 1081344K
  class space    used 4163K, capacity 4458K, committed 4480K, reserved 1048576K
}

Deoptimization events (20 events):
Event: 20,291 Thread 0x00007f04b4017800 DEOPT PACKING pc=0x00007f049d4a2ecc sp=0x00007f04ba816460
Event: 20,291 Thread 0x00007f04b4017800 DEOPT UNPACKING pc=0x00007f049c937fab sp=0x00007f04ba815970 mode 1
Event: 20,292 Thread 0x00007f04b4017800 DEOPT PACKING pc=0x00007f049d48bebc sp=0x00007f04ba8157d0
Event: 20,292 Thread 0x00007f04b4017800 DEOPT UNPACKING pc=0x00007f049c937fab sp=0x00007f04ba814e98 mode 1
Event: 20,292 Thread 0x00007f04b4017800 DEOPT PACKING pc=0x00007f049d66db54 sp=0x00007f04ba815a30
Event: 20,292 Thread 0x00007f04b4017800 DEOPT UNPACKING pc=0x00007f049c937fab sp=0x00007f04ba8150d8 mode 1
Event: 20,292 Thread 0x00007f04b4017800 DEOPT PACKING pc=0x00007f049cfdb754 sp=0x00007f04ba815130
Event: 20,292 Thread 0x00007f04b4017800 DEOPT UNPACKING pc=0x00007f049c937fab sp=0x00007f04ba8145e8 mode 1
Event: 20,292 Thread 0x00007f04b4017800 DEOPT PACKING pc=0x00007f049cff453c sp=0x00007f04ba815200
Event: 20,292 Thread 0x00007f04b4017800 DEOPT UNPACKING pc=0x00007f049c937fab sp=0x00007f04ba8147b8 mode 1
Event: 20,292 Thread 0x00007f04b4017800 DEOPT PACKING pc=0x00007f049d287361 sp=0x00007f04ba815230
Event: 20,292 Thread 0x00007f04b4017800 DEOPT UNPACKING pc=0x00007f049c937fab sp=0x00007f04ba814738 mode 1
Event: 20,292 Thread 0x00007f04b4017800 DEOPT PACKING pc=0x00007f049cfda504 sp=0x00007f04ba815390
Event: 20,292 Thread 0x00007f04b4017800 DEOPT UNPACKING pc=0x00007f049c937fab sp=0x00007f04ba814868 mode 1
Event: 20,292 Thread 0x00007f04b4017800 DEOPT PACKING pc=0x00007f049d4a2ecc sp=0x00007f04ba815b30
Event: 20,292 Thread 0x00007f04b4017800 DEOPT UNPACKING pc=0x00007f049c937fab sp=0x00007f04ba815040 mode 1
Event: 20,292 Thread 0x00007f04b4017800 DEOPT PACKING pc=0x00007f049d636ff4 sp=0x00007f04ba815cc0
Event: 20,292 Thread 0x00007f04b4017800 DEOPT UNPACKING pc=0x00007f049c937fab sp=0x00007f04ba815198 mode 1
Event: 20,292 Thread 0x00007f04b4017800 DEOPT PACKING pc=0x00007f049d4a2ecc sp=0x00007f04ba816460
Event: 20,292 Thread 0x00007f04b4017800 DEOPT UNPACKING pc=0x00007f049c937fab sp=0x00007f04ba815970 mode 1

Classes redefined (0 events):
No events

Internal exceptions (20 events):
Event: 17,958 Thread 0x00007f04b4017800 Exception <a 'java/lang/ClassNotFoundException'{0x00000000ad0b2990}: javax/sql/DataSourceCustomizer> (0x00000000ad0b2990) thrown at [src/hotspot/share/classfile/systemDictionary.cpp, line 231]
Event: 17,961 Thread 0x00007f04b4017800 Exception <a 'java/lang/ClassNotFoundException'{0x00000000ad0ce3e0}: javax/sql/CommonDataSourceBeanInfo> (0x00000000ad0ce3e0) thrown at [src/hotspot/share/classfile/systemDictionary.cpp, line 231]
Event: 17,962 Thread 0x00007f04b4017800 Exception <a 'java/lang/ClassNotFoundException'{0x00000000ad0e4ae0}: javax/sql/CommonDataSourceCustomizer> (0x00000000ad0e4ae0) thrown at [src/hotspot/share/classfile/systemDictionary.cpp, line 231]
Event: 17,965 Thread 0x00007f04b4017800 Exception <a 'java/lang/ClassNotFoundException'{0x00000000ad0fdb40}: java/sql/WrapperBeanInfo> (0x00000000ad0fdb40) thrown at [src/hotspot/share/classfile/systemDictionary.cpp, line 231]
Event: 17,967 Thread 0x00007f04b4017800 Exception <a 'java/lang/ClassNotFoundException'{0x00000000acf12720}: java/sql/WrapperCustomizer> (0x00000000acf12720) thrown at [src/hotspot/share/classfile/systemDictionary.cpp, line 231]
Event: 17,999 Thread 0x00007f04b4017800 Exception <a 'java/lang/ClassNotFoundException'{0x00000000acf6b120}: org/springframework/orm/hibernate5/LocalSessionFactoryBeanBeanInfo> (0x00000000acf6b120) thrown at [src/hotspot/share/classfile/systemDictionary.cpp, line 231]
Event: 18,002 Thread 0x00007f04b4017800 Exception <a 'java/lang/ClassNotFoundException'{0x00000000acfa4858}: org/springframework/orm/hibernate5/HibernateExceptionTranslatorBeanInfo> (0x00000000acfa4858) thrown at [src/hotspot/share/classfile/systemDictionary.cpp, line 231]
Event: 18,005 Thread 0x00007f04b4017800 Exception <a 'java/lang/ClassNotFoundException'{0x00000000acfddf18}: org/springframework/orm/hibernate5/HibernateExceptionTranslatorCustomizer> (0x00000000acfddf18) thrown at [src/hotspot/share/classfile/systemDictionary.cpp, line 231]
Event: 18,013 Thread 0x00007f04b4017800 Exception <a 'java/lang/ClassNotFoundException'{0x00000000ace1a1a8}: org/springframework/orm/hibernate5/LocalSessionFactoryBeanCustomizer> (0x00000000ace1a1a8) thrown at [src/hotspot/share/classfile/systemDictionary.cpp, line 231]
Event: 18,034 Thread 0x00007f04b4017800 Exception <a 'java/lang/ClassNotFoundException'{0x00000000ace92b10}: org/springframework/beans/factory/FactoryBeanBeanInfo> (0x00000000ace92b10) thrown at [src/hotspot/share/classfile/systemDictionary.cpp, line 231]
Event: 18,037 Thread 0x00007f04b4017800 Exception <a 'java/lang/ClassNotFoundException'{0x00000000acec6170}: org/springframework/beans/factory/FactoryBeanCustomizer> (0x00000000acec6170) thrown at [src/hotspot/share/classfile/systemDictionary.cpp, line 231]
Event: 18,046 Thread 0x00007f04b4017800 Exception <a 'java/lang/ClassNotFoundException'{0x00000000acefce18}: org/springframework/context/ResourceLoaderAwareBeanInfo> (0x00000000acefce18) thrown at [src/hotspot/share/classfile/systemDictionary.cpp, line 231]
Event: 18,049 Thread 0x00007f04b4017800 Exception <a 'java/lang/ClassNotFoundException'{0x00000000ac92fd90}: org/springframework/context/ResourceLoaderAwareCustomizer> (0x00000000ac92fd90) thrown at [src/hotspot/share/classfile/systemDictionary.cpp, line 231]
Event: 18,053 Thread 0x00007f04b4017800 Exception <a 'java/lang/ClassNotFoundException'{0x00000000ac966310}: org/springframework/beans/factory/InitializingBeanBeanInfo> (0x00000000ac966310) thrown at [src/hotspot/share/classfile/systemDictionary.cpp, line 231]
Event: 18,056 Thread 0x00007f04b4017800 Exception <a 'java/lang/ClassNotFoundException'{0x00000000ac99c2c0}: org/springframework/beans/factory/InitializingBeanCustomizer> (0x00000000ac99c2c0) thrown at [src/hotspot/share/classfile/systemDictionary.cpp, line 231]
Event: 18,060 Thread 0x00007f04b4017800 Exception <a 'java/lang/ClassNotFoundException'{0x00000000ac9d03a0}: org/springframework/beans/factory/DisposableBeanBeanInfo> (0x00000000ac9d03a0) thrown at [src/hotspot/share/classfile/systemDictionary.cpp, line 231]
Event: 18,063 Thread 0x00007f04b4017800 Exception <a 'java/lang/ClassNotFoundException'{0x00000000ac805d50}: org/springframework/beans/factory/DisposableBeanCustomizer> (0x00000000ac805d50) thrown at [src/hotspot/share/classfile/systemDictionary.cpp, line 231]
Event: 18,066 Thread 0x00007f04b4017800 Exception <a 'java/lang/ClassNotFoundException'{0x00000000ac83f8e8}: org/springframework/dao/support/PersistenceExceptionTranslatorBeanInfo> (0x00000000ac83f8e8) thrown at [src/hotspot/share/classfile/systemDictionary.cpp, line 231]
Event: 18,069 Thread 0x00007f04b4017800 Exception <a 'java/lang/ClassNotFoundException'{0x00000000ac879128}: org/springframework/dao/support/PersistenceExceptionTranslatorCustomizer> (0x00000000ac879128) thrown at [src/hotspot/share/classfile/systemDictionary.cpp, line 231]
Event: 19,638 Thread 0x00007f04b4017800 Implicit null exception at 0x00007f04a45a5eed to 0x00007f04a45ab6e0

Events (20 events):
Event: 20,193 loading class org/hibernate/internal/CoreMessageLogger_$logger_en_US done
Event: 20,194 loading class org/hibernate/internal/CoreMessageLogger_$logger_en
Event: 20,194 loading class org/hibernate/internal/CoreMessageLogger_$logger_en done
Event: 20,222 loading class java/util/concurrent/atomic/AtomicReferenceFieldUpdater
Event: 20,222 loading class java/util/concurrent/atomic/AtomicReferenceFieldUpdater done
Event: 20,222 loading class java/util/concurrent/atomic/AtomicReferenceFieldUpdater$AtomicReferenceFieldUpdaterImpl
Event: 20,223 loading class java/util/concurrent/atomic/AtomicReferenceFieldUpdater$AtomicReferenceFieldUpdaterImpl done
Event: 20,223 loading class java/util/concurrent/atomic/AtomicReferenceFieldUpdater$AtomicReferenceFieldUpdaterImpl$1
Event: 20,223 loading class java/util/concurrent/atomic/AtomicReferenceFieldUpdater$AtomicReferenceFieldUpdaterImpl$1 done
Event: 20,254 loading class java/io/CharArrayReader
Event: 20,254 loading class java/io/CharArrayReader done
Event: 20,264 loading class java/util/regex/Pattern$1MatcherIterator
Event: 20,264 loading class java/util/regex/Pattern$1MatcherIterator done
Event: 20,264 loading class java/util/Spliterators$IteratorSpliterator
Event: 20,264 loading class java/util/Spliterators$IteratorSpliterator done
Event: 20,291 loading class org/hibernate/internal/CoreMessageLogger_$logger_en_US
Event: 20,291 loading class org/hibernate/internal/CoreMessageLogger_$logger_en_US done
Event: 20,292 loading class org/hibernate/internal/CoreMessageLogger_$logger_en
Event: 20,292 loading class org/hibernate/internal/CoreMessageLogger_$logger_en done
Event: 20,348 Executing VM operation: CollectForMetadataAllocation


Dynamic libraries:
a7c00000-b2d00000 rw-p 00000000 00:00 0 
b2d00000-ffe00000 ---p 00000000 00:00 0 
ffe00000-ffe47000 rw-p 0110e000 08:05 3690414                            /usr/lib/jvm/java-11-openjdk-amd64/lib/server/classes.jsa
ffe47000-fff00000 rw-p 00000000 00:00 0 
fff00000-fff6a000 rw-p 010a4000 08:05 3690414                            /usr/lib/jvm/java-11-openjdk-amd64/lib/server/classes.jsa
fff6a000-100000000 rw-p 00000000 00:00 0 
800000000-800002000 rwxp 00001000 08:05 3690414                          /usr/lib/jvm/java-11-openjdk-amd64/lib/server/classes.jsa
800002000-8010a3000 rw-p 00003000 08:05 3690414                          /usr/lib/jvm/java-11-openjdk-amd64/lib/server/classes.jsa
840000000-840460000 rw-p 00000000 00:00 0 
840460000-880000000 ---p 00000000 00:00 0 
55a4f9195000-55a4f9196000 r--p 00000000 08:05 3670743                    /usr/lib/jvm/java-11-openjdk-amd64/bin/java
55a4f9196000-55a4f9197000 r-xp 00001000 08:05 3670743                    /usr/lib/jvm/java-11-openjdk-amd64/bin/java
55a4f9197000-55a4f9198000 r--p 00002000 08:05 3670743                    /usr/lib/jvm/java-11-openjdk-amd64/bin/java
55a4f9198000-55a4f9199000 r--p 00002000 08:05 3670743                    /usr/lib/jvm/java-11-openjdk-amd64/bin/java
55a4f9199000-55a4f919a000 rw-p 00003000 08:05 3670743                    /usr/lib/jvm/java-11-openjdk-amd64/bin/java
55a4fa3c8000-55a4fa3e9000 rw-p 00000000 00:00 0                          [heap]
7f0458000000-7f0458021000 rw-p 00000000 00:00 0 
7f0458021000-7f045c000000 ---p 00000000 00:00 0 
7f0460000000-7f0460021000 rw-p 00000000 00:00 0 
7f0460021000-7f0464000000 ---p 00000000 00:00 0 
7f0464000000-7f0464021000 rw-p 00000000 00:00 0 
7f0464021000-7f0468000000 ---p 00000000 00:00 0 
7f0468000000-7f0469637000 rw-p 00000000 00:00 0 
7f0469637000-7f046c000000 ---p 00000000 00:00 0 
7f046c000000-7f046c999000 rw-p 00000000 00:00 0 
7f046c999000-7f0470000000 ---p 00000000 00:00 0 
7f0470000000-7f0470021000 rw-p 00000000 00:00 0 
7f0470021000-7f0474000000 ---p 00000000 00:00 0 
7f047559f000-7f047563f000 rw-p 00000000 00:00 0 
7f047563f000-7f047579f000 ---p 00000000 00:00 0 
7f047579f000-7f047599f000 rw-p 00000000 00:00 0 
7f047599f000-7f0475b9f000 rw-p 00000000 00:00 0 
7f0475b9f000-7f0475d9f000 rw-p 00000000 00:00 0 
7f0475d9f000-7f0475f9f000 rw-p 00000000 00:00 0 
7f0475f9f000-7f047619f000 rw-p 00000000 00:00 0 
7f047619f000-7f047639f000 rw-p 00000000 00:00 0 
7f047639f000-7f047659f000 rw-p 00000000 00:00 0 
7f047659f000-7f047679f000 rw-p 00000000 00:00 0 
7f047679f000-7f047699f000 rw-p 00000000 00:00 0 
7f047699f000-7f0476b9f000 rw-p 00000000 00:00 0 
7f0476b9f000-7f0476d9f000 rw-p 00000000 00:00 0 
7f0476d9f000-7f0476da3000 ---p 00000000 00:00 0 
7f0476da3000-7f0476ea0000 rw-p 00000000 00:00 0 
7f0476ea0000-7f0476ea1000 ---p 00000000 00:00 0 
7f0476ea1000-7f0476fa2000 rw-p 00000000 00:00 0 
7f0476fa2000-7f0476fa6000 ---p 00000000 00:00 0 
7f0476fa6000-7f04770a3000 rw-p 00000000 00:00 0 
7f04770a3000-7f04770a7000 ---p 00000000 00:00 0 
7f04770a7000-7f04771a4000 rw-p 00000000 00:00 0 
7f04771a4000-7f04771a5000 ---p 00000000 00:00 0 
7f04771a5000-7f04772a6000 rw-p 00000000 00:00 0 
7f04772a6000-7f04772aa000 ---p 00000000 00:00 0 
7f04772aa000-7f04773a7000 rw-p 00000000 00:00 0 
7f04773a7000-7f04773ab000 ---p 00000000 00:00 0 
7f04773ab000-7f04774a8000 rw-p 00000000 00:00 0 
7f04774a8000-7f04774ac000 ---p 00000000 00:00 0 
7f04774ac000-7f04775a9000 rw-p 00000000 00:00 0 
7f04775a9000-7f04775ad000 ---p 00000000 00:00 0 
7f04775ad000-7f04776aa000 rw-p 00000000 00:00 0 
7f04776aa000-7f04776ae000 ---p 00000000 00:00 0 
7f04776ae000-7f04777ab000 rw-p 00000000 00:00 0 
7f04777ab000-7f0478000000 r--p 00000000 08:05 3675249                    /usr/lib/locale/locale-archive
7f0478000000-7f0478021000 rw-p 00000000 00:00 0 
7f0478021000-7f047c000000 ---p 00000000 00:00 0 
7f047c000000-7f047c021000 rw-p 00000000 00:00 0 
7f047c021000-7f0480000000 ---p 00000000 00:00 0 
7f0480000000-7f0480021000 rw-p 00000000 00:00 0 
7f0480021000-7f0484000000 ---p 00000000 00:00 0 
7f0484000000-7f0484053000 rw-p 00000000 00:00 0 
7f0484053000-7f0488000000 ---p 00000000 00:00 0 
7f0488000000-7f0488021000 rw-p 00000000 00:00 0 
7f0488021000-7f048c000000 ---p 00000000 00:00 0 
7f048c000000-7f048c021000 rw-p 00000000 00:00 0 
7f048c021000-7f0490000000 ---p 00000000 00:00 0 
7f0490000000-7f0490021000 rw-p 00000000 00:00 0 
7f0490021000-7f0494000000 ---p 00000000 00:00 0 
7f04940ef000-7f04940f3000 ---p 00000000 00:00 0 
7f04940f3000-7f0496cb4000 rw-p 00000000 00:00 0 
7f0496cb4000-7f0497ff8000 ---p 00000000 00:00 0 
7f0497ff8000-7f0498000000 rw-p 00000000 00:00 0 
7f0498000000-7f0498021000 rw-p 00000000 00:00 0 
7f0498021000-7f049c000000 ---p 00000000 00:00 0 
7f049c034000-7f049c036000 r--p 00000000 08:05 3674546                    /usr/lib/jvm/java-11-openjdk-amd64/lib/libmanagement_ext.so
7f049c036000-7f049c039000 r-xp 00002000 08:05 3674546                    /usr/lib/jvm/java-11-openjdk-amd64/lib/libmanagement_ext.so
7f049c039000-7f049c03a000 r--p 00005000 08:05 3674546                    /usr/lib/jvm/java-11-openjdk-amd64/lib/libmanagement_ext.so
7f049c03a000-7f049c03b000 ---p 00006000 08:05 3674546                    /usr/lib/jvm/java-11-openjdk-amd64/lib/libmanagement_ext.so
7f049c03b000-7f049c03c000 r--p 00006000 08:05 3674546                    /usr/lib/jvm/java-11-openjdk-amd64/lib/libmanagement_ext.so
7f049c03c000-7f049c03d000 rw-p 00007000 08:05 3674546                    /usr/lib/jvm/java-11-openjdk-amd64/lib/libmanagement_ext.so
7f049c03d000-7f049c040000 r--p 00000000 08:05 3674544                    /usr/lib/jvm/java-11-openjdk-amd64/lib/libmanagement.so
7f049c040000-7f049c041000 r-xp 00003000 08:05 3674544                    /usr/lib/jvm/java-11-openjdk-amd64/lib/libmanagement.so
7f049c041000-7f049c042000 r--p 00004000 08:05 3674544                    /usr/lib/jvm/java-11-openjdk-amd64/lib/libmanagement.so
7f049c042000-7f049c043000 r--p 00004000 08:05 3674544                    /usr/lib/jvm/java-11-openjdk-amd64/lib/libmanagement.so
7f049c043000-7f049c044000 rw-p 00005000 08:05 3674544                    /usr/lib/jvm/java-11-openjdk-amd64/lib/libmanagement.so
7f049c044000-7f049c075000 rw-p 00000000 00:00 0 
7f049c075000-7f049c079000 r--p 00000000 08:05 3674548                    /usr/lib/jvm/java-11-openjdk-amd64/lib/libnet.so
7f049c079000-7f049c088000 r-xp 00004000 08:05 3674548                    /usr/lib/jvm/java-11-openjdk-amd64/lib/libnet.so
7f049c088000-7f049c08c000 r--p 00013000 08:05 3674548                    /usr/lib/jvm/java-11-openjdk-amd64/lib/libnet.so
7f049c08c000-7f049c08d000 r--p 00016000 08:05 3674548                    /usr/lib/jvm/java-11-openjdk-amd64/lib/libnet.so
7f049c08d000-7f049c08e000 rw-p 00017000 08:05 3674548                    /usr/lib/jvm/java-11-openjdk-amd64/lib/libnet.so
7f049c08e000-7f049c095000 r--p 00000000 08:05 3674549                    /usr/lib/jvm/java-11-openjdk-amd64/lib/libnio.so
7f049c095000-7f049c09d000 r-xp 00007000 08:05 3674549                    /usr/lib/jvm/java-11-openjdk-amd64/lib/libnio.so
7f049c09d000-7f049c0a0000 r--p 0000f000 08:05 3674549                    /usr/lib/jvm/java-11-openjdk-amd64/lib/libnio.so
7f049c0a0000-7f049c0a1000 r--p 00011000 08:05 3674549                    /usr/lib/jvm/java-11-openjdk-amd64/lib/libnio.so
7f049c0a1000-7f049c0a2000 rw-p 00012000 08:05 3674549                    /usr/lib/jvm/java-11-openjdk-amd64/lib/libnio.so
7f049c0a2000-7f049c0a4000 r--p 00000000 08:05 3674528                    /usr/lib/jvm/java-11-openjdk-amd64/lib/libdt_socket.so
7f049c0a4000-7f049c0a7000 r-xp 00002000 08:05 3674528                    /usr/lib/jvm/java-11-openjdk-amd64/lib/libdt_socket.so
7f049c0a7000-7f049c0a8000 r--p 00005000 08:05 3674528                    /usr/lib/jvm/java-11-openjdk-amd64/lib/libdt_socket.so
7f049c0a8000-7f049c0a9000 ---p 00006000 08:05 3674528                    /usr/lib/jvm/java-11-openjdk-amd64/lib/libdt_socket.so
7f049c0a9000-7f049c0aa000 r--p 00006000 08:05 3674528                    /usr/lib/jvm/java-11-openjdk-amd64/lib/libdt_socket.so
7f049c0aa000-7f049c0ab000 rw-p 00007000 08:05 3674528                    /usr/lib/jvm/java-11-openjdk-amd64/lib/libdt_socket.so
7f049c0ab000-7f049c0b2000 r--s 00000000 08:05 3950491                    /usr/lib/x86_64-linux-gnu/gconv/gconv-modules.cache
7f049c0b2000-7f049c0b6000 ---p 00000000 00:00 0 
7f049c0b6000-7f049c1b3000 rw-p 00000000 00:00 0 
7f049c1b3000-7f049c1b7000 ---p 00000000 00:00 0 
7f049c1b7000-7f049c2b4000 rw-p 00000000 00:00 0 
7f049c2b4000-7f049c2b8000 ---p 00000000 00:00 0 
7f049c2b8000-7f049c3b5000 rw-p 00000000 00:00 0 
7f049c3b5000-7f049c3b6000 ---p 00000000 00:00 0 
7f049c3b6000-7f049c5fd000 rw-p 00000000 00:00 0 
7f049c5fd000-7f049c5fe000 ---p 00000000 00:00 0 
7f049c5fe000-7f049c6ff000 rw-p 00000000 00:00 0 
7f049c6ff000-7f049c700000 ---p 00000000 00:00 0 
7f049c700000-7f049c902000 rw-p 00000000 00:00 0 
7f049c902000-7f049cb72000 rwxp 00000000 00:00 0 
7f049cb72000-7f049ce91000 ---p 00000000 00:00 0 
7f049ce91000-7f049d771000 rwxp 00000000 00:00 0 
7f049d771000-7f04a43c9000 ---p 00000000 00:00 0 
7f04a43c9000-7f04a4639000 rwxp 00000000 00:00 0 
7f04a4639000-7f04ab902000 ---p 00000000 00:00 0 
7f04ab902000-7f04b4000000 r--s 00000000 08:05 3674558                    /usr/lib/jvm/java-11-openjdk-amd64/lib/modules
7f04b4000000-7f04b5681000 rw-p 00000000 00:00 0 
7f04b5681000-7f04b8000000 ---p 00000000 00:00 0 
7f04b8002000-7f04b8103000 rw-p 00000000 00:00 0 
7f04b8103000-7f04b8104000 ---p 00000000 00:00 0 
7f04b8104000-7f04b8205000 rw-p 00000000 00:00 0 
7f04b8205000-7f04b8206000 ---p 00000000 00:00 0 
7f04b8206000-7f04b85fa000 rw-p 00000000 00:00 0 
7f04b85fa000-7f04b993e000 ---p 00000000 00:00 0 
7f04b993e000-7f04b999f000 rw-p 00000000 00:00 0 
7f04b999f000-7f04b9c07000 ---p 00000000 00:00 0 
7f04b9c07000-7f04b9c61000 rw-p 00000000 00:00 0 
7f04b9c61000-7f04b9ec9000 ---p 00000000 00:00 0 
7f04b9ec9000-7f04b9f23000 rw-p 00000000 00:00 0 
7f04b9f23000-7f04ba18b000 ---p 00000000 00:00 0 
7f04ba18b000-7f04ba38e000 rw-p 00000000 00:00 0 
7f04ba38e000-7f04ba38f000 ---p 00000000 00:00 0 
7f04ba38f000-7f04ba495000 rw-p 00000000 00:00 0 
7f04ba495000-7f04ba57b000 ---p 00000000 00:00 0 
7f04ba57b000-7f04ba58d000 rw-p 00000000 00:00 0 
7f04ba58d000-7f04ba666000 ---p 00000000 00:00 0 
7f04ba666000-7f04ba66b000 rw-p 00000000 00:00 0 
7f04ba66b000-7f04ba672000 ---p 00000000 00:00 0 
7f04ba672000-7f04ba675000 r--p 00000000 08:05 4077454                    /lib/x86_64-linux-gnu/libnss_files-2.31.so
7f04ba675000-7f04ba67c000 r-xp 00003000 08:05 4077454                    /lib/x86_64-linux-gnu/libnss_files-2.31.so
7f04ba67c000-7f04ba67e000 r--p 0000a000 08:05 4077454                    /lib/x86_64-linux-gnu/libnss_files-2.31.so
7f04ba67e000-7f04ba67f000 r--p 0000b000 08:05 4077454                    /lib/x86_64-linux-gnu/libnss_files-2.31.so
7f04ba67f000-7f04ba680000 rw-p 0000c000 08:05 4077454                    /lib/x86_64-linux-gnu/libnss_files-2.31.so
7f04ba680000-7f04ba686000 rw-p 00000000 00:00 0 
7f04ba686000-7f04ba687000 r--p 00000000 08:05 3674529                    /usr/lib/jvm/java-11-openjdk-amd64/lib/libextnet.so
7f04ba687000-7f04ba688000 r-xp 00001000 08:05 3674529                    /usr/lib/jvm/java-11-openjdk-amd64/lib/libextnet.so
7f04ba688000-7f04ba689000 r--p 00002000 08:05 3674529                    /usr/lib/jvm/java-11-openjdk-amd64/lib/libextnet.so
7f04ba689000-7f04ba68a000 r--p 00002000 08:05 3674529                    /usr/lib/jvm/java-11-openjdk-amd64/lib/libextnet.so
7f04ba68a000-7f04ba68b000 rw-p 00003000 08:05 3674529                    /usr/lib/jvm/java-11-openjdk-amd64/lib/libextnet.so
7f04ba68b000-7f04ba68d000 r--p 00000000 08:05 3674557                    /usr/lib/jvm/java-11-openjdk-amd64/lib/libzip.so
7f04ba68d000-7f04ba691000 r-xp 00002000 08:05 3674557                    /usr/lib/jvm/java-11-openjdk-amd64/lib/libzip.so
7f04ba691000-7f04ba693000 r--p 00006000 08:05 3674557                    /usr/lib/jvm/java-11-openjdk-amd64/lib/libzip.so
7f04ba693000-7f04ba694000 r--p 00007000 08:05 3674557                    /usr/lib/jvm/java-11-openjdk-amd64/lib/libzip.so
7f04ba694000-7f04ba695000 rw-p 00008000 08:05 3674557                    /usr/lib/jvm/java-11-openjdk-amd64/lib/libzip.so
7f04ba695000-7f04ba69d000 rw-s 00000000 08:05 7211149                    /tmp/hsperfdata_ivan/17043
7f04ba69d000-7f04ba69f000 r--p 00000000 08:05 3674539                    /usr/lib/jvm/java-11-openjdk-amd64/lib/libjdwp.so
7f04ba69f000-7f04ba6cb000 r-xp 00002000 08:05 3674539                    /usr/lib/jvm/java-11-openjdk-amd64/lib/libjdwp.so
7f04ba6cb000-7f04ba6d9000 r--p 0002e000 08:05 3674539                    /usr/lib/jvm/java-11-openjdk-amd64/lib/libjdwp.so
7f04ba6d9000-7f04ba6da000 r--p 0003b000 08:05 3674539                    /usr/lib/jvm/java-11-openjdk-amd64/lib/libjdwp.so
7f04ba6da000-7f04ba6db000 rw-p 0003c000 08:05 3674539                    /usr/lib/jvm/java-11-openjdk-amd64/lib/libjdwp.so
7f04ba6db000-7f04ba6dd000 r--p 00000000 08:05 3674540                    /usr/lib/jvm/java-11-openjdk-amd64/lib/libjimage.so
7f04ba6dd000-7f04ba6e0000 r-xp 00002000 08:05 3674540                    /usr/lib/jvm/java-11-openjdk-amd64/lib/libjimage.so
7f04ba6e0000-7f04ba6e1000 r--p 00005000 08:05 3674540                    /usr/lib/jvm/java-11-openjdk-amd64/lib/libjimage.so
7f04ba6e1000-7f04ba6e2000 ---p 00006000 08:05 3674540                    /usr/lib/jvm/java-11-openjdk-amd64/lib/libjimage.so
7f04ba6e2000-7f04ba6e3000 r--p 00006000 08:05 3674540                    /usr/lib/jvm/java-11-openjdk-amd64/lib/libjimage.so
7f04ba6e3000-7f04ba6e4000 rw-p 00007000 08:05 3674540                    /usr/lib/jvm/java-11-openjdk-amd64/lib/libjimage.so
7f04ba6e4000-7f04ba6f2000 r--p 00000000 08:05 3674536                    /usr/lib/jvm/java-11-openjdk-amd64/lib/libjava.so
7f04ba6f2000-7f04ba708000 r-xp 0000e000 08:05 3674536                    /usr/lib/jvm/java-11-openjdk-amd64/lib/libjava.so
7f04ba708000-7f04ba70f000 r--p 00024000 08:05 3674536                    /usr/lib/jvm/java-11-openjdk-amd64/lib/libjava.so
7f04ba70f000-7f04ba710000 r--p 0002a000 08:05 3674536                    /usr/lib/jvm/java-11-openjdk-amd64/lib/libjava.so
7f04ba710000-7f04ba711000 rw-p 0002b000 08:05 3674536                    /usr/lib/jvm/java-11-openjdk-amd64/lib/libjava.so
7f04ba711000-7f04ba712000 rw-p 00000000 00:00 0 
7f04ba712000-7f04ba715000 r--p 00000000 08:05 4077461                    /lib/x86_64-linux-gnu/librt-2.31.so
7f04ba715000-7f04ba719000 r-xp 00003000 08:05 4077461                    /lib/x86_64-linux-gnu/librt-2.31.so
7f04ba719000-7f04ba71a000 r--p 00007000 08:05 4077461                    /lib/x86_64-linux-gnu/librt-2.31.so
7f04ba71a000-7f04ba71b000 ---p 00008000 08:05 4077461                    /lib/x86_64-linux-gnu/librt-2.31.so
7f04ba71b000-7f04ba71c000 r--p 00008000 08:05 4077461                    /lib/x86_64-linux-gnu/librt-2.31.so
7f04ba71c000-7f04ba71d000 rw-p 00009000 08:05 4077461                    /lib/x86_64-linux-gnu/librt-2.31.so
7f04ba71d000-7f04ba721000 ---p 00000000 00:00 0 
7f04ba721000-7f04ba81e000 rw-p 00000000 00:00 0 
7f04ba81e000-7f04ba821000 r--p 00000000 08:05 4063533                    /lib/x86_64-linux-gnu/libgcc_s.so.1
7f04ba821000-7f04ba833000 r-xp 00003000 08:05 4063533                    /lib/x86_64-linux-gnu/libgcc_s.so.1
7f04ba833000-7f04ba837000 r--p 00015000 08:05 4063533                    /lib/x86_64-linux-gnu/libgcc_s.so.1
7f04ba837000-7f04ba838000 r--p 00018000 08:05 4063533                    /lib/x86_64-linux-gnu/libgcc_s.so.1
7f04ba838000-7f04ba839000 rw-p 00019000 08:05 4063533                    /lib/x86_64-linux-gnu/libgcc_s.so.1
7f04ba839000-7f04ba848000 r--p 00000000 08:05 4077448                    /lib/x86_64-linux-gnu/libm-2.31.so
7f04ba848000-7f04ba8ef000 r-xp 0000f000 08:05 4077448                    /lib/x86_64-linux-gnu/libm-2.31.so
7f04ba8ef000-7f04ba986000 r--p 000b6000 08:05 4077448                    /lib/x86_64-linux-gnu/libm-2.31.so
7f04ba986000-7f04ba987000 r--p 0014c000 08:05 4077448                    /lib/x86_64-linux-gnu/libm-2.31.so
7f04ba987000-7f04ba988000 rw-p 0014d000 08:05 4077448                    /lib/x86_64-linux-gnu/libm-2.31.so
7f04ba988000-7f04baa1e000 r--p 00000000 08:05 3677541                    /usr/lib/x86_64-linux-gnu/libstdc++.so.6.0.28
7f04baa1e000-7f04bab0e000 r-xp 00096000 08:05 3677541                    /usr/lib/x86_64-linux-gnu/libstdc++.so.6.0.28
7f04bab0e000-7f04bab57000 r--p 00186000 08:05 3677541                    /usr/lib/x86_64-linux-gnu/libstdc++.so.6.0.28
7f04bab57000-7f04bab58000 ---p 001cf000 08:05 3677541                    /usr/lib/x86_64-linux-gnu/libstdc++.so.6.0.28
7f04bab58000-7f04bab63000 r--p 001cf000 08:05 3677541                    /usr/lib/x86_64-linux-gnu/libstdc++.so.6.0.28
7f04bab63000-7f04bab66000 rw-p 001da000 08:05 3677541                    /usr/lib/x86_64-linux-gnu/libstdc++.so.6.0.28
7f04bab66000-7f04bab69000 rw-p 00000000 00:00 0 
7f04bab69000-7f04badd6000 r--p 00000000 08:05 3674563                    /usr/lib/jvm/java-11-openjdk-amd64/lib/server/libjvm.so
7f04badd6000-7f04bb96a000 r-xp 0026d000 08:05 3674563                    /usr/lib/jvm/java-11-openjdk-amd64/lib/server/libjvm.so
7f04bb96a000-7f04bbba1000 r--p 00e01000 08:05 3674563                    /usr/lib/jvm/java-11-openjdk-amd64/lib/server/libjvm.so
7f04bbba1000-7f04bbc5e000 r--p 01037000 08:05 3674563                    /usr/lib/jvm/java-11-openjdk-amd64/lib/server/libjvm.so
7f04bbc5e000-7f04bbc97000 rw-p 010f4000 08:05 3674563                    /usr/lib/jvm/java-11-openjdk-amd64/lib/server/libjvm.so
7f04bbc97000-7f04bbcf0000 rw-p 00000000 00:00 0 
7f04bbcf0000-7f04bbcf7000 r--p 00000000 08:05 4077459                    /lib/x86_64-linux-gnu/libpthread-2.31.so
7f04bbcf7000-7f04bbd08000 r-xp 00007000 08:05 4077459                    /lib/x86_64-linux-gnu/libpthread-2.31.so
7f04bbd08000-7f04bbd0d000 r--p 00018000 08:05 4077459                    /lib/x86_64-linux-gnu/libpthread-2.31.so
7f04bbd0d000-7f04bbd0e000 r--p 0001c000 08:05 4077459                    /lib/x86_64-linux-gnu/libpthread-2.31.so
7f04bbd0e000-7f04bbd0f000 rw-p 0001d000 08:05 4077459                    /lib/x86_64-linux-gnu/libpthread-2.31.so
7f04bbd0f000-7f04bbd13000 rw-p 00000000 00:00 0 
7f04bbd13000-7f04bbd14000 r--p 00000000 08:05 4077447                    /lib/x86_64-linux-gnu/libdl-2.31.so
7f04bbd14000-7f04bbd16000 r-xp 00001000 08:05 4077447                    /lib/x86_64-linux-gnu/libdl-2.31.so
7f04bbd16000-7f04bbd17000 r--p 00003000 08:05 4077447                    /lib/x86_64-linux-gnu/libdl-2.31.so
7f04bbd17000-7f04bbd18000 r--p 00003000 08:05 4077447                    /lib/x86_64-linux-gnu/libdl-2.31.so
7f04bbd18000-7f04bbd19000 rw-p 00004000 08:05 4077447                    /lib/x86_64-linux-gnu/libdl-2.31.so
7f04bbd19000-7f04bbd1b000 r--p 00000000 08:05 4063531                    /lib/x86_64-linux-gnu/libz.so.1.2.11
7f04bbd1b000-7f04bbd2c000 r-xp 00002000 08:05 4063531                    /lib/x86_64-linux-gnu/libz.so.1.2.11
7f04bbd2c000-7f04bbd32000 r--p 00013000 08:05 4063531                    /lib/x86_64-linux-gnu/libz.so.1.2.11
7f04bbd32000-7f04bbd33000 ---p 00019000 08:05 4063531                    /lib/x86_64-linux-gnu/libz.so.1.2.11
7f04bbd33000-7f04bbd34000 r--p 00019000 08:05 4063531                    /lib/x86_64-linux-gnu/libz.so.1.2.11
7f04bbd34000-7f04bbd35000 rw-p 0001a000 08:05 4063531                    /lib/x86_64-linux-gnu/libz.so.1.2.11
7f04bbd35000-7f04bbd5a000 r--p 00000000 08:05 4077446                    /lib/x86_64-linux-gnu/libc-2.31.so
7f04bbd5a000-7f04bbed2000 r-xp 00025000 08:05 4077446                    /lib/x86_64-linux-gnu/libc-2.31.so
7f04bbed2000-7f04bbf1c000 r--p 0019d000 08:05 4077446                    /lib/x86_64-linux-gnu/libc-2.31.so
7f04bbf1c000-7f04bbf1d000 ---p 001e7000 08:05 4077446                    /lib/x86_64-linux-gnu/libc-2.31.so
7f04bbf1d000-7f04bbf20000 r--p 001e7000 08:05 4077446                    /lib/x86_64-linux-gnu/libc-2.31.so
7f04bbf20000-7f04bbf23000 rw-p 001ea000 08:05 4077446                    /lib/x86_64-linux-gnu/libc-2.31.so
7f04bbf23000-7f04bbf27000 rw-p 00000000 00:00 0 
7f04bbf28000-7f04bbf2a000 r--s 0000c000 08:05 4595284                    /usr/share/java/java-atk-wrapper.jar
7f04bbf2a000-7f04bbf2b000 ---p 00000000 00:00 0 
7f04bbf2b000-7f04bbf2c000 r--p 00000000 00:00 0 
7f04bbf2c000-7f04bbf31000 r--p 00000000 08:05 3674556                    /usr/lib/jvm/java-11-openjdk-amd64/lib/libverify.so
7f04bbf31000-7f04bbf38000 r-xp 00005000 08:05 3674556                    /usr/lib/jvm/java-11-openjdk-amd64/lib/libverify.so
7f04bbf38000-7f04bbf3a000 r--p 0000c000 08:05 3674556                    /usr/lib/jvm/java-11-openjdk-amd64/lib/libverify.so
7f04bbf3a000-7f04bbf3b000 ---p 0000e000 08:05 3674556                    /usr/lib/jvm/java-11-openjdk-amd64/lib/libverify.so
7f04bbf3b000-7f04bbf3d000 r--p 0000e000 08:05 3674556                    /usr/lib/jvm/java-11-openjdk-amd64/lib/libverify.so
7f04bbf3d000-7f04bbf3e000 rw-p 00010000 08:05 3674556                    /usr/lib/jvm/java-11-openjdk-amd64/lib/libverify.so
7f04bbf3e000-7f04bbf41000 r--p 00000000 08:05 3674520                    /usr/lib/jvm/java-11-openjdk-amd64/lib/jli/libjli.so
7f04bbf41000-7f04bbf4b000 r-xp 00003000 08:05 3674520                    /usr/lib/jvm/java-11-openjdk-amd64/lib/jli/libjli.so
7f04bbf4b000-7f04bbf4e000 r--p 0000d000 08:05 3674520                    /usr/lib/jvm/java-11-openjdk-amd64/lib/jli/libjli.so
7f04bbf4e000-7f04bbf4f000 ---p 00010000 08:05 3674520                    /usr/lib/jvm/java-11-openjdk-amd64/lib/jli/libjli.so
7f04bbf4f000-7f04bbf50000 r--p 00010000 08:05 3674520                    /usr/lib/jvm/java-11-openjdk-amd64/lib/jli/libjli.so
7f04bbf50000-7f04bbf51000 rw-p 00011000 08:05 3674520                    /usr/lib/jvm/java-11-openjdk-amd64/lib/jli/libjli.so
7f04bbf51000-7f04bbf53000 rw-p 00000000 00:00 0 
7f04bbf53000-7f04bbf54000 r--p 00000000 08:05 4077442                    /lib/x86_64-linux-gnu/ld-2.31.so
7f04bbf54000-7f04bbf77000 r-xp 00001000 08:05 4077442                    /lib/x86_64-linux-gnu/ld-2.31.so
7f04bbf77000-7f04bbf7f000 r--p 00024000 08:05 4077442                    /lib/x86_64-linux-gnu/ld-2.31.so
7f04bbf80000-7f04bbf81000 r--p 0002c000 08:05 4077442                    /lib/x86_64-linux-gnu/ld-2.31.so
7f04bbf81000-7f04bbf82000 rw-p 0002d000 08:05 4077442                    /lib/x86_64-linux-gnu/ld-2.31.so
7f04bbf82000-7f04bbf83000 rw-p 00000000 00:00 0 
7fff11297000-7fff112b9000 rw-p 00000000 00:00 0                          [stack]
7fff1131f000-7fff11322000 r--p 00000000 00:00 0                          [vvar]
7fff11322000-7fff11323000 r-xp 00000000 00:00 0                          [vdso]
ffffffffff600000-ffffffffff601000 --xp 00000000 00:00 0                  [vsyscall]


VM Arguments:
jvm_args: -agentlib:jdwp=transport=dt_socket,suspend=n,server=y,address=localhost:8000 -Dcatalina.base=/home/ivan/.config/Code/User/workspaceStorage/d3121d91e597d30b98014df76c04a62d/adashen.vscode-tomcat/tomcat/apache-tomcat-9.0.38 -Dcatalina.home=/home/ivan/apache-tomcat-9.0.38 -Dfile.encoding=UTF8 -Djava.io.tmpdir=/home/ivan/.config/Code/User/workspaceStorage/d3121d91e597d30b98014df76c04a62d/adashen.vscode-tomcat/tomcat/apache-tomcat-9.0.38/temp 
java_command: org.apache.catalina.startup.Bootstrap start
java_class_path (initial): /home/ivan/apache-tomcat-9.0.38/bin/bootstrap.jar:/home/ivan/apache-tomcat-9.0.38/bin/tomcat-juli.jar
Launcher Type: SUN_STANDARD

[Global flags]
     intx CICompilerCount                          = 2                                         {product} {ergonomic}
     uint ConcGCThreads                            = 1                                         {product} {ergonomic}
     uint G1ConcRefinementThreads                  = 2                                         {product} {ergonomic}
   size_t G1HeapRegionSize                         = 1048576                                   {product} {ergonomic}
    uintx GCDrainStackTargetSize                   = 64                                        {product} {ergonomic}
   size_t InitialHeapSize                          = 94371840                                  {product} {ergonomic}
   size_t MarkStackSize                            = 4194304                                   {product} {ergonomic}
   size_t MaxHeapSize                              = 1480589312                                {product} {ergonomic}
   size_t MaxNewSize                               = 888143872                                 {product} {ergonomic}
   size_t MinHeapDeltaBytes                        = 1048576                                   {product} {ergonomic}
    uintx NonNMethodCodeHeapSize                   = 5825164                                {pd product} {ergonomic}
    uintx NonProfiledCodeHeapSize                  = 122916538                              {pd product} {ergonomic}
    uintx ProfiledCodeHeapSize                     = 122916538                              {pd product} {ergonomic}
    uintx ReservedCodeCacheSize                    = 251658240                              {pd product} {ergonomic}
     bool SegmentedCodeCache                       = true                                      {product} {ergonomic}
     bool UseCompressedClassPointers               = true                                 {lp64_product} {ergonomic}
     bool UseCompressedOops                        = true                                 {lp64_product} {ergonomic}
     bool UseG1GC                                  = true                                      {product} {ergonomic}

Logging:
Log output configuration:
 #0: stdout all=warning uptime,level,tags
 #1: stderr all=off uptime,level,tags

Environment Variables:
PATH=/usr/local/sbin:/usr/local/bin:/usr/sbin:/usr/bin:/sbin:/bin:/usr/games:/usr/local/games:/snap/bin:/home/ivan/Android/Sdk/emulator:/home/ivan/Android/Sdk/tools:/home/ivan/Android/Sdk/tools/bin:/home/ivan/Android/Sdk/platform-tools
SHELL=/bin/bash
DISPLAY=:0
LANG=en_US.UTF-8

Signal Handlers:
SIGSEGV: [libjvm.so+0xd8e010], sa_mask[0]=11111111011111111101111111111110, sa_flags=SA_RESTART|SA_SIGINFO
SIGBUS: [libjvm.so+0xd8e010], sa_mask[0]=11111111011111111101111111111110, sa_flags=SA_RESTART|SA_SIGINFO
SIGFPE: [libjvm.so+0xd8e010], sa_mask[0]=11111111011111111101111111111110, sa_flags=SA_RESTART|SA_SIGINFO
SIGPIPE: [libjvm.so+0xb86b30], sa_mask[0]=11111111011111111101111111111110, sa_flags=SA_RESTART|SA_SIGINFO
SIGXFSZ: [libjvm.so+0xb86b30], sa_mask[0]=11111111011111111101111111111110, sa_flags=SA_RESTART|SA_SIGINFO
SIGILL: [libjvm.so+0xd8e010], sa_mask[0]=11111111011111111101111111111110, sa_flags=SA_RESTART|SA_SIGINFO
SIGUSR2: [libjvm.so+0xb869d0], sa_mask[0]=00000000000000000000000000000000, sa_flags=SA_RESTART|SA_SIGINFO
SIGHUP: [libjvm.so+0xb86e70], sa_mask[0]=11111111011111111101111111111110, sa_flags=SA_RESTART|SA_SIGINFO
SIGINT: [libjvm.so+0xb86e70], sa_mask[0]=11111111011111111101111111111110, sa_flags=SA_RESTART|SA_SIGINFO
SIGTERM: [libjvm.so+0xb86e70], sa_mask[0]=11111111011111111101111111111110, sa_flags=SA_RESTART|SA_SIGINFO
SIGQUIT: [libjvm.so+0xb86e70], sa_mask[0]=11111111011111111101111111111110, sa_flags=SA_RESTART|SA_SIGINFO


---------------  S Y S T E M  ---------------

OS:DISTRIB_ID=LinuxMint
DISTRIB_RELEASE=20
DISTRIB_CODENAME=ulyana
DISTRIB_DESCRIPTION="Linux Mint 20 Ulyana"
uname:Linux 5.4.0-52-generic #57-Ubuntu SMP Thu Oct 15 10:57:00 UTC 2020 x86_64
OS uptime: 0 days 3:26 hours
libc:glibc 2.31 NPTL 2.31 
rlimit (soft/hard): STACK 8192k/infinity , CORE 0k/infinity , NPROC 22228/22228 , NOFILE 1048576/1048576 , AS infinity/infinity , CPU infinity/infinity , DATA infinity/infinity , FSIZE infinity/infinity , MEMLOCK infinity/infinity
load average:2,18 1,69 1,94

/proc/meminfo:
MemTotal:        5781900 kB
MemFree:          470096 kB
MemAvailable:    1519960 kB
Buffers:           70052 kB
Cached:          1361176 kB
SwapCached:        14056 kB
Active:          3488096 kB
Inactive:        1526656 kB
Active(anon):    2785628 kB
Inactive(anon):  1010116 kB
Active(file):     702468 kB
Inactive(file):   516540 kB
Unevictable:       17380 kB
Mlocked:              48 kB
SwapTotal:       2097148 kB
SwapFree:        1531132 kB
Dirty:             81632 kB
Writeback:             0 kB
AnonPages:       3592980 kB
Mapped:           615072 kB
Shmem:            279144 kB
KReclaimable:      83056 kB
Slab:             182124 kB
SReclaimable:      83056 kB
SUnreclaim:        99068 kB
KernelStack:       16416 kB
PageTables:        33452 kB
NFS_Unstable:          0 kB
Bounce:                0 kB
WritebackTmp:          0 kB
CommitLimit:     4988096 kB
Committed_AS:   10713228 kB
VmallocTotal:   34359738367 kB
VmallocUsed:       31964 kB
VmallocChunk:          0 kB
Percpu:             5408 kB
HardwareCorrupted:     0 kB
AnonHugePages:         0 kB
ShmemHugePages:        0 kB
ShmemPmdMapped:        0 kB
FileHugePages:         0 kB
FilePmdMapped:         0 kB
CmaTotal:              0 kB
CmaFree:               0 kB
HugePages_Total:       0
HugePages_Free:        0
HugePages_Rsvd:        0
HugePages_Surp:        0
Hugepagesize:       2048 kB
Hugetlb:               0 kB
DirectMap4k:      247736 kB
DirectMap2M:     5736448 kB

/sys/kernel/mm/transparent_hugepage/enabled:
always [madvise] never

/sys/kernel/mm/transparent_hugepage/defrag (defrag/compaction efforts parameter):
always defer defer+madvise [madvise] never


/proc/sys/kernel/threads-max (system-wide limit on the number of threads):
44457


/proc/sys/vm/max_map_count (maximum number of memory map areas a process may have):
65530


/proc/sys/kernel/pid_max (system-wide limit on number of process identifiers):
4194304



container (cgroup) information:
container_type: cgroupv1
cpu_cpuset_cpus: 0-1
cpu_memory_nodes: 0
active_processor_count: 2
cpu_quota: -1
cpu_period: 100000
cpu_shares: -1
memory_limit_in_bytes: -1
memory_and_swap_limit_in_bytes: -2
memory_soft_limit_in_bytes: -1
memory_usage_in_bytes: 3776245760
memory_max_usage_in_bytes: 4401901568

Steal ticks since vm start: 0
Steal ticks percentage since vm start:  0,000

CPU:total 2 (initial active 2) (2 cores per cpu, 1 threads per core) family 6 model 42 stepping 7, cmov, cx8, fxsr, mmx, sse, sse2, sse3, ssse3, sse4.1, sse4.2, popcnt, clmul, tsc, tscinvbit
CPU Model and flags from /proc/cpuinfo:
model name	: Intel(R) Celeron(R) CPU 847 @ 1.10GHz
flags		: fpu vme de pse tsc msr pae mce cx8 apic sep mtrr pge mca cmov pat pse36 clflush dts acpi mmx fxsr sse sse2 ht tm pbe syscall nx rdtscp lm constant_tsc arch_perfmon pebs bts rep_good nopl xtopology nonstop_tsc cpuid aperfmperf pni pclmulqdq dtes64 monitor ds_cpl vmx est tm2 ssse3 cx16 xtpr pdcm pcid sse4_1 sse4_2 x2apic popcnt tsc_deadline_timer xsave lahf_lm epb pti ssbd ibrs ibpb stibp tpr_shadow vnmi flexpriority ept vpid xsaveopt dtherm arat pln pts md_clear flush_l1d

Memory: 4k page, physical 5781900k(470096k free), swap 2097148k(1531132k free)

vm_info: OpenJDK 64-Bit Server VM (11.0.8+10-post-Ubuntu-0ubuntu120.04) for linux-amd64 JRE (11.0.8+10-post-Ubuntu-0ubuntu120.04), built on Jul 15 2020 20:45:24 by "unknown" with gcc 9.3.0

END.
